Log started 10/18/2024 at 17:15:58
Preferred installation mode : gtk
Trying to init installer in mode xwindow
Mode xwindow successfully initialized
Preparing to Install
Preparing to Install
Creating directory /home/fastsim-2/Downloads/ti-cgt-c7000_1.2.0.STS
Unpacking files
Directory already exists: /home/fastsim-2/Downloads/ti-cgt-c7000_1.2.0.STS
Creating directory /home/fastsim-2/Downloads/ti-cgt-c7000_1.2.0.STS/docs
Creating directory /home/fastsim-2/Downloads/ti-cgt-c7000_1.2.0.STS/man
Creating directory /home/fastsim-2/Downloads/ti-cgt-c7000_1.2.0.STS/man/man1
Creating directory /home/fastsim-2/Downloads/ti-cgt-c7000_1.2.0.STS/host_emulation
Creating directory /home/fastsim-2/Downloads/ti-cgt-c7000_1.2.0.STS/host_emulation/include
Creating directory /home/fastsim-2/Downloads/ti-cgt-c7000_1.2.0.STS/lib
Creating directory /home/fastsim-2/Downloads/ti-cgt-c7000_1.2.0.STS/lib/src
Creating directory /home/fastsim-2/Downloads/ti-cgt-c7000_1.2.0.STS/lib/src/machine
Creating directory /home/fastsim-2/Downloads/ti-cgt-c7000_1.2.0.STS/lib/src/xlocale
Creating directory /home/fastsim-2/Downloads/ti-cgt-c7000_1.2.0.STS/lib/src/libcxx
Creating directory /home/fastsim-2/Downloads/ti-cgt-c7000_1.2.0.STS/lib/src/libcxx/ext
Creating directory /home/fastsim-2/Downloads/ti-cgt-c7000_1.2.0.STS/lib/src/libcxx/support
Creating directory /home/fastsim-2/Downloads/ti-cgt-c7000_1.2.0.STS/lib/src/libcxx/support/ti
Creating directory /home/fastsim-2/Downloads/ti-cgt-c7000_1.2.0.STS/lib/src/libcxx/support/runtime
Creating directory /home/fastsim-2/Downloads/ti-cgt-c7000_1.2.0.STS/lib/src/libcxx/include
Creating directory /home/fastsim-2/Downloads/ti-cgt-c7000_1.2.0.STS/lib/src/sys
Creating directory /home/fastsim-2/Downloads/ti-cgt-c7000_1.2.0.STS/lib/src/vcop
Creating directory /home/fastsim-2/Downloads/ti-cgt-c7000_1.2.0.STS/bin
Creating directory /home/fastsim-2/Downloads/ti-cgt-c7000_1.2.0.STS/include
Creating directory /home/fastsim-2/Downloads/ti-cgt-c7000_1.2.0.STS/include/machine
Creating directory /home/fastsim-2/Downloads/ti-cgt-c7000_1.2.0.STS/include/xlocale
Creating directory /home/fastsim-2/Downloads/ti-cgt-c7000_1.2.0.STS/include/libcxx
Creating directory /home/fastsim-2/Downloads/ti-cgt-c7000_1.2.0.STS/include/libcxx/ext
Creating directory /home/fastsim-2/Downloads/ti-cgt-c7000_1.2.0.STS/include/libcxx/support
Creating directory /home/fastsim-2/Downloads/ti-cgt-c7000_1.2.0.STS/include/libcxx/support/ti
Creating directory /home/fastsim-2/Downloads/ti-cgt-c7000_1.2.0.STS/include/libcxx/support/runtime
Creating directory /home/fastsim-2/Downloads/ti-cgt-c7000_1.2.0.STS/include/libcxx/include
Creating directory /home/fastsim-2/Downloads/ti-cgt-c7000_1.2.0.STS/include/sys
Creating directory /home/fastsim-2/Downloads/ti-cgt-c7000_1.2.0.STS/include/vcop
Unpacking files
Unpacking /home/fastsim-2/Downloads/ti-cgt-c7000_1.2.0.STS/C7000_Code_Generation_Tools_1.x_manifest.html
Unpacking /home/fastsim-2/Downloads/ti-cgt-c7000_1.2.0.STS/C7000-CGT-1-2_1_2_0.json
Unpacking /home/fastsim-2/Downloads/ti-cgt-c7000_1.2.0.STS/docs/SPRUIG3C_C7000_VCOP_Kernel_C_Translation.pdf
Unpacking /home/fastsim-2/Downloads/ti-cgt-c7000_1.2.0.STS/docs/SPRUIG5C_C6000_to_C7000_Migration.pdf
Unpacking /home/fastsim-2/Downloads/ti-cgt-c7000_1.2.0.STS/docs/SPRUIG4C_C7000_EABI_Technical_Reference.pdf
Unpacking /home/fastsim-2/Downloads/ti-cgt-c7000_1.2.0.STS/docs/SPRUIG6C_C7000_Host_Emulation_Users_Guide.pdf
Unpacking /home/fastsim-2/Downloads/ti-cgt-c7000_1.2.0.STS/docs/SPRUIG8A_C7000_Compiler_Guide.pdf
Unpacking /home/fastsim-2/Downloads/ti-cgt-c7000_1.2.0.STS/host_emulation/libc70-host-emulation.a
Unpacking /home/fastsim-2/Downloads/ti-cgt-c7000_1.2.0.STS/host_emulation/include/vector_funcs.h
Unpacking /home/fastsim-2/Downloads/ti-cgt-c7000_1.2.0.STS/host_emulation/include/sa_generator_base.h
Unpacking /home/fastsim-2/Downloads/ti-cgt-c7000_1.2.0.STS/host_emulation/include/c7x_c_funcs.h
Unpacking /home/fastsim-2/Downloads/ti-cgt-c7000_1.2.0.STS/host_emulation/include/butterfly.h
Unpacking /home/fastsim-2/Downloads/ti-cgt-c7000_1.2.0.STS/host_emulation/include/c7x_exception.h
Unpacking /home/fastsim-2/Downloads/ti-cgt-c7000_1.2.0.STS/host_emulation/include/c6x_he_migration.h
Unpacking /home/fastsim-2/Downloads/ti-cgt-c7000_1.2.0.STS/host_emulation/include/c7x_he_luthist.h
Unpacking /home/fastsim-2/Downloads/ti-cgt-c7000_1.2.0.STS/host_emulation/include/vector_conv.h
Unpacking /home/fastsim-2/Downloads/ti-cgt-c7000_1.2.0.STS/host_emulation/include/mma.h
Unpacking /home/fastsim-2/Downloads/ti-cgt-c7000_1.2.0.STS/host_emulation/include/c7x_he_load_stores.h
Unpacking /home/fastsim-2/Downloads/ti-cgt-c7000_1.2.0.STS/host_emulation/include/sa_generator.h
Unpacking /home/fastsim-2/Downloads/ti-cgt-c7000_1.2.0.STS/host_emulation/include/c7x_host_emulation.h
Unpacking /home/fastsim-2/Downloads/ti-cgt-c7000_1.2.0.STS/host_emulation/include/vreg.h
Unpacking /home/fastsim-2/Downloads/ti-cgt-c7000_1.2.0.STS/host_emulation/include/uarch_decl.h
Unpacking /home/fastsim-2/Downloads/ti-cgt-c7000_1.2.0.STS/host_emulation/include/streaming_engine.h
Unpacking /home/fastsim-2/Downloads/ti-cgt-c7000_1.2.0.STS/host_emulation/include/streaming_engine_base.h
Unpacking /home/fastsim-2/Downloads/ti-cgt-c7000_1.2.0.STS/host_emulation/include/get_endian.h
Unpacking /home/fastsim-2/Downloads/ti-cgt-c7000_1.2.0.STS/host_emulation/include/c7x_he_strm.h
Unpacking /home/fastsim-2/Downloads/ti-cgt-c7000_1.2.0.STS/host_emulation/include/c7x_he_cr.h
Unpacking /home/fastsim-2/Downloads/ti-cgt-c7000_1.2.0.STS/host_emulation/include/arch_decl.h
Unpacking /home/fastsim-2/Downloads/ti-cgt-c7000_1.2.0.STS/host_emulation/include/c7x_he_intrinsics.h
Unpacking /home/fastsim-2/Downloads/ti-cgt-c7000_1.2.0.STS/host_emulation/include/lut.h
Unpacking /home/fastsim-2/Downloads/ti-cgt-c7000_1.2.0.STS/host_emulation/include/c7x_he_ecr.h
Unpacking /home/fastsim-2/Downloads/ti-cgt-c7000_1.2.0.STS/host_emulation/include/c7x_he_mma.h
Unpacking /home/fastsim-2/Downloads/ti-cgt-c7000_1.2.0.STS/host_emulation/include/c7x_he_strm_struct.h
Unpacking /home/fastsim-2/Downloads/ti-cgt-c7000_1.2.0.STS/host_emulation/include/c7x_auto_c_funcs.h
Unpacking /home/fastsim-2/Downloads/ti-cgt-c7000_1.2.0.STS/host_emulation/include/sim_glbl.h
Unpacking /home/fastsim-2/Downloads/ti-cgt-c7000_1.2.0.STS/host_emulation/include/vector.h
Unpacking /home/fastsim-2/Downloads/ti-cgt-c7000_1.2.0.STS/lib/lnk.cmd
Unpacking /home/fastsim-2/Downloads/ti-cgt-c7000_1.2.0.STS/lib/mklib.c
Unpacking /home/fastsim-2/Downloads/ti-cgt-c7000_1.2.0.STS/lib/rts7100_be.lib
Unpacking /home/fastsim-2/Downloads/ti-cgt-c7000_1.2.0.STS/lib/rts7100_le.lib
Unpacking /home/fastsim-2/Downloads/ti-cgt-c7000_1.2.0.STS/C7000_RTS_1_2_0_STS.spdx
Unpacking /home/fastsim-2/Downloads/ti-cgt-c7000_1.2.0.STS/README.txt
Unpacking /home/fastsim-2/Downloads/ti-cgt-c7000_1.2.0.STS/DefectHistory.txt
Unpacking /home/fastsim-2/Downloads/ti-cgt-c7000_1.2.0.STS/docs/README_docs.txt
Unpacking /home/fastsim-2/Downloads/ti-cgt-c7000_1.2.0.STS/lib/mklib
Unpacking /home/fastsim-2/Downloads/ti-cgt-c7000_1.2.0.STS/lib/libc.a
Unpacking /home/fastsim-2/Downloads/ti-cgt-c7000_1.2.0.STS/lib/src/s_expm1.c
Unpacking /home/fastsim-2/Downloads/ti-cgt-c7000_1.2.0.STS/lib/src/s_scalbn.c
Unpacking /home/fastsim-2/Downloads/ti-cgt-c7000_1.2.0.STS/lib/src/k_logf.h
Unpacking /home/fastsim-2/Downloads/ti-cgt-c7000_1.2.0.STS/lib/src/gtrf_i.h
Unpacking /home/fastsim-2/Downloads/ti-cgt-c7000_1.2.0.STS/lib/src/none_mb.c
Unpacking /home/fastsim-2/Downloads/ti-cgt-c7000_1.2.0.STS/lib/src/copy_decompress_none.c
Unpacking /home/fastsim-2/Downloads/ti-cgt-c7000_1.2.0.STS/lib/src/wcsxfrm.c
Unpacking /home/fastsim-2/Downloads/ti-cgt-c7000_1.2.0.STS/lib/src/s_atanf.c
Unpacking /home/fastsim-2/Downloads/ti-cgt-c7000_1.2.0.STS/lib/src/_mutex.h
Unpacking /home/fastsim-2/Downloads/ti-cgt-c7000_1.2.0.STS/lib/src/host_device.c
Unpacking /home/fastsim-2/Downloads/ti-cgt-c7000_1.2.0.STS/lib/src/strings.h
Unpacking /home/fastsim-2/Downloads/ti-cgt-c7000_1.2.0.STS/lib/src/locale_string.c
Unpacking /home/fastsim-2/Downloads/ti-cgt-c7000_1.2.0.STS/lib/src/fltif.c
Unpacking /home/fastsim-2/Downloads/ti-cgt-c7000_1.2.0.STS/lib/src/c7x.h
Unpacking /home/fastsim-2/Downloads/ti-cgt-c7000_1.2.0.STS/lib/src/s_atan.c
Unpacking /home/fastsim-2/Downloads/ti-cgt-c7000_1.2.0.STS/lib/src/e_acosf.c
Unpacking /home/fastsim-2/Downloads/ti-cgt-c7000_1.2.0.STS/lib/src/e_atan2.c
Unpacking /home/fastsim-2/Downloads/ti-cgt-c7000_1.2.0.STS/lib/src/s_ilogb.c
Unpacking /home/fastsim-2/Downloads/ti-cgt-c7000_1.2.0.STS/lib/src/memcpy.c
Unpacking /home/fastsim-2/Downloads/ti-cgt-c7000_1.2.0.STS/lib/src/b_exp.c
Unpacking /home/fastsim-2/Downloads/ti-cgt-c7000_1.2.0.STS/lib/src/s_csinh.c
Unpacking /home/fastsim-2/Downloads/ti-cgt-c7000_1.2.0.STS/lib/src/fenv.c
Unpacking /home/fastsim-2/Downloads/ti-cgt-c7000_1.2.0.STS/lib/src/strdup.c
Unpacking /home/fastsim-2/Downloads/ti-cgt-c7000_1.2.0.STS/lib/src/e_expf.c
Unpacking /home/fastsim-2/Downloads/ti-cgt-c7000_1.2.0.STS/lib/src/c7x_vpred.h
Unpacking /home/fastsim-2/Downloads/ti-cgt-c7000_1.2.0.STS/lib/src/strtoumax.c
Unpacking /home/fastsim-2/Downloads/ti-cgt-c7000_1.2.0.STS/lib/src/s_tgammaf.c
Unpacking /home/fastsim-2/Downloads/ti-cgt-c7000_1.2.0.STS/lib/src/c7x_veclib.c
Unpacking /home/fastsim-2/Downloads/ti-cgt-c7000_1.2.0.STS/lib/src/startup.c
Unpacking /home/fastsim-2/Downloads/ti-cgt-c7000_1.2.0.STS/lib/src/xlocale.c
Unpacking /home/fastsim-2/Downloads/ti-cgt-c7000_1.2.0.STS/lib/src/strpbrk.c
Unpacking /home/fastsim-2/Downloads/ti-cgt-c7000_1.2.0.STS/lib/src/frcdivd.c
Unpacking /home/fastsim-2/Downloads/ti-cgt-c7000_1.2.0.STS/lib/src/c7x_ecr.h
Unpacking /home/fastsim-2/Downloads/ti-cgt-c7000_1.2.0.STS/lib/src/c6x_migration.h
Unpacking /home/fastsim-2/Downloads/ti-cgt-c7000_1.2.0.STS/lib/src/e_hypotf.c
Unpacking /home/fastsim-2/Downloads/ti-cgt-c7000_1.2.0.STS/lib/src/ispunct.c
Unpacking /home/fastsim-2/Downloads/ti-cgt-c7000_1.2.0.STS/lib/src/_isfuncdef.h
Unpacking /home/fastsim-2/Downloads/ti-cgt-c7000_1.2.0.STS/lib/src/s_csqrtf.c
Unpacking /home/fastsim-2/Downloads/ti-cgt-c7000_1.2.0.STS/lib/src/fsetpos.c
Unpacking /home/fastsim-2/Downloads/ti-cgt-c7000_1.2.0.STS/lib/src/vswprintf.c
Unpacking /home/fastsim-2/Downloads/ti-cgt-c7000_1.2.0.STS/lib/src/s_tanh.c
Unpacking /home/fastsim-2/Downloads/ti-cgt-c7000_1.2.0.STS/lib/src/formi.h
Unpacking /home/fastsim-2/Downloads/ti-cgt-c7000_1.2.0.STS/lib/src/wcscpy.c
Unpacking /home/fastsim-2/Downloads/ti-cgt-c7000_1.2.0.STS/lib/src/ti_fmax.c
Unpacking /home/fastsim-2/Downloads/ti-cgt-c7000_1.2.0.STS/lib/src/k_exp.c
Unpacking /home/fastsim-2/Downloads/ti-cgt-c7000_1.2.0.STS/lib/src/s_llround.c
Unpacking /home/fastsim-2/Downloads/ti-cgt-c7000_1.2.0.STS/lib/src/_bufread.c
Unpacking /home/fastsim-2/Downloads/ti-cgt-c7000_1.2.0.STS/lib/src/divremx_i.h
Unpacking /home/fastsim-2/Downloads/ti-cgt-c7000_1.2.0.STS/lib/src/rewind.c
Unpacking /home/fastsim-2/Downloads/ti-cgt-c7000_1.2.0.STS/lib/src/s_ceilf.c
Unpacking /home/fastsim-2/Downloads/ti-cgt-c7000_1.2.0.STS/lib/src/feof.c
Unpacking /home/fastsim-2/Downloads/ti-cgt-c7000_1.2.0.STS/lib/src/s_lroundf.c
Unpacking /home/fastsim-2/Downloads/ti-cgt-c7000_1.2.0.STS/lib/src/locale_stdio.c
Unpacking /home/fastsim-2/Downloads/ti-cgt-c7000_1.2.0.STS/lib/src/fixdlli.c
Unpacking /home/fastsim-2/Downloads/ti-cgt-c7000_1.2.0.STS/lib/src/vasprintf.c
Unpacking /home/fastsim-2/Downloads/ti-cgt-c7000_1.2.0.STS/lib/src/vla_alloc.c
Unpacking /home/fastsim-2/Downloads/ti-cgt-c7000_1.2.0.STS/lib/src/wcsftime.c
Unpacking /home/fastsim-2/Downloads/ti-cgt-c7000_1.2.0.STS/lib/src/hostgetenv.c
Unpacking /home/fastsim-2/Downloads/ti-cgt-c7000_1.2.0.STS/lib/src/wcstod.c
Unpacking /home/fastsim-2/Downloads/ti-cgt-c7000_1.2.0.STS/lib/src/sprintf.c
Unpacking /home/fastsim-2/Downloads/ti-cgt-c7000_1.2.0.STS/lib/src/strlen.c
Unpacking /home/fastsim-2/Downloads/ti-cgt-c7000_1.2.0.STS/lib/src/s_scalbln.c
Unpacking /home/fastsim-2/Downloads/ti-cgt-c7000_1.2.0.STS/lib/src/k_cos.c
Unpacking /home/fastsim-2/Downloads/ti-cgt-c7000_1.2.0.STS/lib/src/fgetwc.c
Unpacking /home/fastsim-2/Downloads/ti-cgt-c7000_1.2.0.STS/lib/src/fscanf.c
Unpacking /home/fastsim-2/Downloads/ti-cgt-c7000_1.2.0.STS/lib/src/rtti.h
Unpacking /home/fastsim-2/Downloads/ti-cgt-c7000_1.2.0.STS/lib/src/divf_i.h
Unpacking /home/fastsim-2/Downloads/ti-cgt-c7000_1.2.0.STS/lib/src/fixfi.c
Unpacking /home/fastsim-2/Downloads/ti-cgt-c7000_1.2.0.STS/lib/src/e_powf.c
Unpacking /home/fastsim-2/Downloads/ti-cgt-c7000_1.2.0.STS/lib/src/lef.c
Unpacking /home/fastsim-2/Downloads/ti-cgt-c7000_1.2.0.STS/lib/src/s_round.c
Unpacking /home/fastsim-2/Downloads/ti-cgt-c7000_1.2.0.STS/lib/src/fgets.c
Unpacking /home/fastsim-2/Downloads/ti-cgt-c7000_1.2.0.STS/lib/src/wmemset.c
Unpacking /home/fastsim-2/Downloads/ti-cgt-c7000_1.2.0.STS/lib/src/xlocale.h
Unpacking /home/fastsim-2/Downloads/ti-cgt-c7000_1.2.0.STS/lib/src/s_frexpf.c
Unpacking /home/fastsim-2/Downloads/ti-cgt-c7000_1.2.0.STS/lib/src/frcdivd.h
Unpacking /home/fastsim-2/Downloads/ti-cgt-c7000_1.2.0.STS/lib/src/strrchr.c
Unpacking /home/fastsim-2/Downloads/ti-cgt-c7000_1.2.0.STS/lib/src/tmpfile.c
Unpacking /home/fastsim-2/Downloads/ti-cgt-c7000_1.2.0.STS/lib/src/k_sin.c
Unpacking /home/fastsim-2/Downloads/ti-cgt-c7000_1.2.0.STS/lib/src/asctime.c
Unpacking /home/fastsim-2/Downloads/ti-cgt-c7000_1.2.0.STS/lib/src/_printfi_min.c
Unpacking /home/fastsim-2/Downloads/ti-cgt-c7000_1.2.0.STS/lib/src/fixfu.c
Unpacking /home/fastsim-2/Downloads/ti-cgt-c7000_1.2.0.STS/lib/src/w_cabsf.c
Unpacking /home/fastsim-2/Downloads/ti-cgt-c7000_1.2.0.STS/lib/src/fcvt.c
Unpacking /home/fastsim-2/Downloads/ti-cgt-c7000_1.2.0.STS/lib/src/s_expm1f.c
Unpacking /home/fastsim-2/Downloads/ti-cgt-c7000_1.2.0.STS/lib/src/typeinfo.stdh
Unpacking /home/fastsim-2/Downloads/ti-cgt-c7000_1.2.0.STS/lib/src/frcmpyf.c
Unpacking /home/fastsim-2/Downloads/ti-cgt-c7000_1.2.0.STS/lib/src/errno.c
Unpacking /home/fastsim-2/Downloads/ti-cgt-c7000_1.2.0.STS/lib/src/subf_i.h
Unpacking /home/fastsim-2/Downloads/ti-cgt-c7000_1.2.0.STS/lib/src/asprintf.c
Unpacking /home/fastsim-2/Downloads/ti-cgt-c7000_1.2.0.STS/lib/src/ftell.c
Unpacking /home/fastsim-2/Downloads/ti-cgt-c7000_1.2.0.STS/lib/src/negd.c
Unpacking /home/fastsim-2/Downloads/ti-cgt-c7000_1.2.0.STS/lib/src/ti_fenv.c
Unpacking /home/fastsim-2/Downloads/ti-cgt-c7000_1.2.0.STS/lib/src/wctype.h
Unpacking /home/fastsim-2/Downloads/ti-cgt-c7000_1.2.0.STS/lib/src/locale_time.c
Unpacking /home/fastsim-2/Downloads/ti-cgt-c7000_1.2.0.STS/lib/src/wmemchr.c
Unpacking /home/fastsim-2/Downloads/ti-cgt-c7000_1.2.0.STS/lib/src/divi_c.c
Unpacking /home/fastsim-2/Downloads/ti-cgt-c7000_1.2.0.STS/lib/src/strspn.c
Unpacking /home/fastsim-2/Downloads/ti-cgt-c7000_1.2.0.STS/lib/src/s_cpowl.c
Unpacking /home/fastsim-2/Downloads/ti-cgt-c7000_1.2.0.STS/lib/src/s_ceil.c
Unpacking /home/fastsim-2/Downloads/ti-cgt-c7000_1.2.0.STS/lib/src/frcaddf.c
Unpacking /home/fastsim-2/Downloads/ti-cgt-c7000_1.2.0.STS/lib/src/e_rem_pio2f.c
Unpacking /home/fastsim-2/Downloads/ti-cgt-c7000_1.2.0.STS/lib/src/s_carg.c
Unpacking /home/fastsim-2/Downloads/ti-cgt-c7000_1.2.0.STS/lib/src/e_remainder.c
Unpacking /home/fastsim-2/Downloads/ti-cgt-c7000_1.2.0.STS/lib/src/stdnoreturn.h
Unpacking /home/fastsim-2/Downloads/ti-cgt-c7000_1.2.0.STS/lib/src/elf_linkage.h
Unpacking /home/fastsim-2/Downloads/ti-cgt-c7000_1.2.0.STS/lib/src/stdio.h
Unpacking /home/fastsim-2/Downloads/ti-cgt-c7000_1.2.0.STS/lib/src/s_ctanhf.c
Unpacking /home/fastsim-2/Downloads/ti-cgt-c7000_1.2.0.STS/lib/src/strasg.c
Unpacking /home/fastsim-2/Downloads/ti-cgt-c7000_1.2.0.STS/lib/src/setjmp.asm
Unpacking /home/fastsim-2/Downloads/ti-cgt-c7000_1.2.0.STS/lib/src/defines.h
Unpacking /home/fastsim-2/Downloads/ti-cgt-c7000_1.2.0.STS/lib/src/iscntrl.c
Unpacking /home/fastsim-2/Downloads/ti-cgt-c7000_1.2.0.STS/lib/src/memccpy.c
Unpacking /home/fastsim-2/Downloads/ti-cgt-c7000_1.2.0.STS/lib/src/boot.c
Unpacking /home/fastsim-2/Downloads/ti-cgt-c7000_1.2.0.STS/lib/src/stdlib.h
Unpacking /home/fastsim-2/Downloads/ti-cgt-c7000_1.2.0.STS/lib/src/e_remainderf.c
Unpacking /home/fastsim-2/Downloads/ti-cgt-c7000_1.2.0.STS/lib/src/wcslen.c
Unpacking /home/fastsim-2/Downloads/ti-cgt-c7000_1.2.0.STS/lib/src/strtoll.c
Unpacking /home/fastsim-2/Downloads/ti-cgt-c7000_1.2.0.STS/lib/src/fwprintf.c
Unpacking /home/fastsim-2/Downloads/ti-cgt-c7000_1.2.0.STS/lib/src/wcstoul.c
Unpacking /home/fastsim-2/Downloads/ti-cgt-c7000_1.2.0.STS/lib/src/s_fma.c
Unpacking /home/fastsim-2/Downloads/ti-cgt-c7000_1.2.0.STS/lib/src/global.h
Unpacking /home/fastsim-2/Downloads/ti-cgt-c7000_1.2.0.STS/lib/src/imath64.c
Unpacking /home/fastsim-2/Downloads/ti-cgt-c7000_1.2.0.STS/lib/src/islower.c
Unpacking /home/fastsim-2/Downloads/ti-cgt-c7000_1.2.0.STS/lib/src/ieeed.h
Unpacking /home/fastsim-2/Downloads/ti-cgt-c7000_1.2.0.STS/lib/src/trgmsg.c
Unpacking /home/fastsim-2/Downloads/ti-cgt-c7000_1.2.0.STS/lib/src/strftime.c
Unpacking /home/fastsim-2/Downloads/ti-cgt-c7000_1.2.0.STS/lib/src/strtof.c
Unpacking /home/fastsim-2/Downloads/ti-cgt-c7000_1.2.0.STS/lib/src/wcstol.c
Unpacking /home/fastsim-2/Downloads/ti-cgt-c7000_1.2.0.STS/lib/src/strncmp.c
Unpacking /home/fastsim-2/Downloads/ti-cgt-c7000_1.2.0.STS/lib/src/defs.c
Unpacking /home/fastsim-2/Downloads/ti-cgt-c7000_1.2.0.STS/lib/src/difftime.c
Unpacking /home/fastsim-2/Downloads/ti-cgt-c7000_1.2.0.STS/lib/src/ecvt.c
Unpacking /home/fastsim-2/Downloads/ti-cgt-c7000_1.2.0.STS/lib/src/_printfi_vector.c
Unpacking /home/fastsim-2/Downloads/ti-cgt-c7000_1.2.0.STS/lib/src/fixful.c
Unpacking /home/fastsim-2/Downloads/ti-cgt-c7000_1.2.0.STS/lib/src/tdeh_init.cpp
Unpacking /home/fastsim-2/Downloads/ti-cgt-c7000_1.2.0.STS/lib/src/runtime.h
Unpacking /home/fastsim-2/Downloads/ti-cgt-c7000_1.2.0.STS/lib/src/wmemcmp.c
Unpacking /home/fastsim-2/Downloads/ti-cgt-c7000_1.2.0.STS/lib/src/bzero.c
Unpacking /home/fastsim-2/Downloads/ti-cgt-c7000_1.2.0.STS/lib/src/s_cproj.c
Unpacking /home/fastsim-2/Downloads/ti-cgt-c7000_1.2.0.STS/lib/src/wprintf.c
Unpacking /home/fastsim-2/Downloads/ti-cgt-c7000_1.2.0.STS/lib/src/_io_perm.c
Unpacking /home/fastsim-2/Downloads/ti-cgt-c7000_1.2.0.STS/lib/src/e_lgammaf_r.c
Unpacking /home/fastsim-2/Downloads/ti-cgt-c7000_1.2.0.STS/lib/src/formi64.h
Unpacking /home/fastsim-2/Downloads/ti-cgt-c7000_1.2.0.STS/lib/src/k_rem_pio2.c
Unpacking /home/fastsim-2/Downloads/ti-cgt-c7000_1.2.0.STS/lib/src/s_llrint.c
Unpacking /home/fastsim-2/Downloads/ti-cgt-c7000_1.2.0.STS/lib/src/complex
Unpacking /home/fastsim-2/Downloads/ti-cgt-c7000_1.2.0.STS/lib/src/neqld.c
Unpacking /home/fastsim-2/Downloads/ti-cgt-c7000_1.2.0.STS/lib/src/config.h
Unpacking /home/fastsim-2/Downloads/ti-cgt-c7000_1.2.0.STS/lib/src/errno.h
Unpacking /home/fastsim-2/Downloads/ti-cgt-c7000_1.2.0.STS/lib/src/isspace.c
Unpacking /home/fastsim-2/Downloads/ti-cgt-c7000_1.2.0.STS/lib/src/eqld.c
Unpacking /home/fastsim-2/Downloads/ti-cgt-c7000_1.2.0.STS/lib/src/wcscmp.c
Unpacking /home/fastsim-2/Downloads/ti-cgt-c7000_1.2.0.STS/lib/src/s_cargl.c
Unpacking /home/fastsim-2/Downloads/ti-cgt-c7000_1.2.0.STS/lib/src/c7x_mma.h
Unpacking /home/fastsim-2/Downloads/ti-cgt-c7000_1.2.0.STS/lib/src/fixfx_i.h
Unpacking /home/fastsim-2/Downloads/ti-cgt-c7000_1.2.0.STS/lib/src/bsearch.c
Unpacking /home/fastsim-2/Downloads/ti-cgt-c7000_1.2.0.STS/lib/src/rindex.c
Unpacking /home/fastsim-2/Downloads/ti-cgt-c7000_1.2.0.STS/lib/src/b_tgamma.c
Unpacking /home/fastsim-2/Downloads/ti-cgt-c7000_1.2.0.STS/lib/src/strtod.c
Unpacking /home/fastsim-2/Downloads/ti-cgt-c7000_1.2.0.STS/lib/src/wcsncat.c
Unpacking /home/fastsim-2/Downloads/ti-cgt-c7000_1.2.0.STS/lib/src/s_lrint.c
Unpacking /home/fastsim-2/Downloads/ti-cgt-c7000_1.2.0.STS/lib/src/cmpd.c
Unpacking /home/fastsim-2/Downloads/ti-cgt-c7000_1.2.0.STS/lib/src/unlink.c
Unpacking /home/fastsim-2/Downloads/ti-cgt-c7000_1.2.0.STS/lib/src/ieeemask.h
Unpacking /home/fastsim-2/Downloads/ti-cgt-c7000_1.2.0.STS/lib/src/trgcio.h
Unpacking /home/fastsim-2/Downloads/ti-cgt-c7000_1.2.0.STS/lib/src/cmpf.c
Unpacking /home/fastsim-2/Downloads/ti-cgt-c7000_1.2.0.STS/lib/src/numconst.h
Unpacking /home/fastsim-2/Downloads/ti-cgt-c7000_1.2.0.STS/lib/src/_reg_synch_api.h
Unpacking /home/fastsim-2/Downloads/ti-cgt-c7000_1.2.0.STS/lib/src/strtold.c
Unpacking /home/fastsim-2/Downloads/ti-cgt-c7000_1.2.0.STS/lib/src/e_pow.c
Unpacking /home/fastsim-2/Downloads/ti-cgt-c7000_1.2.0.STS/lib/src/ferror.c
Unpacking /home/fastsim-2/Downloads/ti-cgt-c7000_1.2.0.STS/lib/src/frcdivf1_i.h
Unpacking /home/fastsim-2/Downloads/ti-cgt-c7000_1.2.0.STS/lib/src/ltd.c
Unpacking /home/fastsim-2/Downloads/ti-cgt-c7000_1.2.0.STS/lib/src/s_nearbyint.c
Unpacking /home/fastsim-2/Downloads/ti-cgt-c7000_1.2.0.STS/lib/src/memmov.c
Unpacking /home/fastsim-2/Downloads/ti-cgt-c7000_1.2.0.STS/lib/src/divf.c
Unpacking /home/fastsim-2/Downloads/ti-cgt-c7000_1.2.0.STS/lib/src/wcsstr.c
Unpacking /home/fastsim-2/Downloads/ti-cgt-c7000_1.2.0.STS/lib/src/eqlf.c
Unpacking /home/fastsim-2/Downloads/ti-cgt-c7000_1.2.0.STS/lib/src/stdint.h
Unpacking /home/fastsim-2/Downloads/ti-cgt-c7000_1.2.0.STS/lib/src/neqf_i.h
Unpacking /home/fastsim-2/Downloads/ti-cgt-c7000_1.2.0.STS/lib/src/float_config.h
Unpacking /home/fastsim-2/Downloads/ti-cgt-c7000_1.2.0.STS/lib/src/llabs.c
Unpacking /home/fastsim-2/Downloads/ti-cgt-c7000_1.2.0.STS/lib/src/s_cimagl.c
Unpacking /home/fastsim-2/Downloads/ti-cgt-c7000_1.2.0.STS/lib/src/_data_synch.h
Unpacking /home/fastsim-2/Downloads/ti-cgt-c7000_1.2.0.STS/lib/src/abs.c
Unpacking /home/fastsim-2/Downloads/ti-cgt-c7000_1.2.0.STS/lib/src/strerror.c
Unpacking /home/fastsim-2/Downloads/ti-cgt-c7000_1.2.0.STS/lib/src/hostlseek.c
Unpacking /home/fastsim-2/Downloads/ti-cgt-c7000_1.2.0.STS/lib/src/k_cosf.c
Unpacking /home/fastsim-2/Downloads/ti-cgt-c7000_1.2.0.STS/lib/src/eh.h
Unpacking /home/fastsim-2/Downloads/ti-cgt-c7000_1.2.0.STS/lib/src/stddef.h
Unpacking /home/fastsim-2/Downloads/ti-cgt-c7000_1.2.0.STS/lib/src/elfnames.h
Unpacking /home/fastsim-2/Downloads/ti-cgt-c7000_1.2.0.STS/lib/src/s_llrintl.c
Unpacking /home/fastsim-2/Downloads/ti-cgt-c7000_1.2.0.STS/lib/src/localtim.c
Unpacking /home/fastsim-2/Downloads/ti-cgt-c7000_1.2.0.STS/lib/src/copy_decompress_rle.c
Unpacking /home/fastsim-2/Downloads/ti-cgt-c7000_1.2.0.STS/lib/src/e_sqrt.c
Unpacking /home/fastsim-2/Downloads/ti-cgt-c7000_1.2.0.STS/lib/src/autoinit.c
Unpacking /home/fastsim-2/Downloads/ti-cgt-c7000_1.2.0.STS/lib/src/memzero.c
Unpacking /home/fastsim-2/Downloads/ti-cgt-c7000_1.2.0.STS/lib/src/e_lgamma.c
Unpacking /home/fastsim-2/Downloads/ti-cgt-c7000_1.2.0.STS/lib/src/_data_synch.c
Unpacking /home/fastsim-2/Downloads/ti-cgt-c7000_1.2.0.STS/lib/src/_printfi_nf.c
Unpacking /home/fastsim-2/Downloads/ti-cgt-c7000_1.2.0.STS/lib/src/_scanfi.c
Unpacking /home/fastsim-2/Downloads/ti-cgt-c7000_1.2.0.STS/lib/src/s_erf.c
Unpacking /home/fastsim-2/Downloads/ti-cgt-c7000_1.2.0.STS/lib/src/rename.c
Unpacking /home/fastsim-2/Downloads/ti-cgt-c7000_1.2.0.STS/lib/src/wcsrchr.c
Unpacking /home/fastsim-2/Downloads/ti-cgt-c7000_1.2.0.STS/lib/src/vswscanf.c
Unpacking /home/fastsim-2/Downloads/ti-cgt-c7000_1.2.0.STS/lib/src/cmpf_i.h
Unpacking /home/fastsim-2/Downloads/ti-cgt-c7000_1.2.0.STS/lib/src/cvtdf.c
Unpacking /home/fastsim-2/Downloads/ti-cgt-c7000_1.2.0.STS/lib/src/strxfrm.c
Unpacking /home/fastsim-2/Downloads/ti-cgt-c7000_1.2.0.STS/lib/src/hostclose.c
Unpacking /home/fastsim-2/Downloads/ti-cgt-c7000_1.2.0.STS/lib/src/k_tanf.c
Unpacking /home/fastsim-2/Downloads/ti-cgt-c7000_1.2.0.STS/lib/src/tdeh_uwentry_c7000.asm
Unpacking /home/fastsim-2/Downloads/ti-cgt-c7000_1.2.0.STS/lib/src/fltxf_i.h
Unpacking /home/fastsim-2/Downloads/ti-cgt-c7000_1.2.0.STS/lib/src/eqlf_i.h
Unpacking /home/fastsim-2/Downloads/ti-cgt-c7000_1.2.0.STS/lib/src/luthist.c
Unpacking /home/fastsim-2/Downloads/ti-cgt-c7000_1.2.0.STS/lib/src/s_crealf.c
Unpacking /home/fastsim-2/Downloads/ti-cgt-c7000_1.2.0.STS/lib/src/fwscanf.c
Unpacking /home/fastsim-2/Downloads/ti-cgt-c7000_1.2.0.STS/lib/src/e_coshf.c
Unpacking /home/fastsim-2/Downloads/ti-cgt-c7000_1.2.0.STS/lib/src/wchar.h
Unpacking /home/fastsim-2/Downloads/ti-cgt-c7000_1.2.0.STS/lib/src/e_log10.c
Unpacking /home/fastsim-2/Downloads/ti-cgt-c7000_1.2.0.STS/lib/src/fopen.c
Unpacking /home/fastsim-2/Downloads/ti-cgt-c7000_1.2.0.STS/lib/src/w_cabs.c
Unpacking /home/fastsim-2/Downloads/ti-cgt-c7000_1.2.0.STS/lib/src/cpy_tbl.c
Unpacking /home/fastsim-2/Downloads/ti-cgt-c7000_1.2.0.STS/lib/src/subf.c
Unpacking /home/fastsim-2/Downloads/ti-cgt-c7000_1.2.0.STS/lib/src/fltuf.c
Unpacking /home/fastsim-2/Downloads/ti-cgt-c7000_1.2.0.STS/lib/src/s_cos.c
Unpacking /home/fastsim-2/Downloads/ti-cgt-c7000_1.2.0.STS/lib/src/s_ctanh.c
Unpacking /home/fastsim-2/Downloads/ti-cgt-c7000_1.2.0.STS/lib/src/strcspn.c
Unpacking /home/fastsim-2/Downloads/ti-cgt-c7000_1.2.0.STS/lib/src/e_sqrtf.c
Unpacking /home/fastsim-2/Downloads/ti-cgt-c7000_1.2.0.STS/lib/src/wcstok.c
Unpacking /home/fastsim-2/Downloads/ti-cgt-c7000_1.2.0.STS/lib/src/addf_i.h
Unpacking /home/fastsim-2/Downloads/ti-cgt-c7000_1.2.0.STS/lib/src/_fmt_specifier.h
Unpacking /home/fastsim-2/Downloads/ti-cgt-c7000_1.2.0.STS/lib/src/strtoimax.c
Unpacking /home/fastsim-2/Downloads/ti-cgt-c7000_1.2.0.STS/lib/src/stdbool.h
Unpacking /home/fastsim-2/Downloads/ti-cgt-c7000_1.2.0.STS/lib/src/fixdull.c
Unpacking /home/fastsim-2/Downloads/ti-cgt-c7000_1.2.0.STS/lib/src/locale_stdlib.c
Unpacking /home/fastsim-2/Downloads/ti-cgt-c7000_1.2.0.STS/lib/src/s_floorf.c
Unpacking /home/fastsim-2/Downloads/ti-cgt-c7000_1.2.0.STS/lib/src/s_remquof.c
Unpacking /home/fastsim-2/Downloads/ti-cgt-c7000_1.2.0.STS/lib/src/k_log.h
Unpacking /home/fastsim-2/Downloads/ti-cgt-c7000_1.2.0.STS/lib/src/vwscanf.c
Unpacking /home/fastsim-2/Downloads/ti-cgt-c7000_1.2.0.STS/lib/src/atoi.c
Unpacking /home/fastsim-2/Downloads/ti-cgt-c7000_1.2.0.STS/lib/src/fltulld.c
Unpacking /home/fastsim-2/Downloads/ti-cgt-c7000_1.2.0.STS/lib/src/k_sinf.c
Unpacking /home/fastsim-2/Downloads/ti-cgt-c7000_1.2.0.STS/lib/src/divu_c.c
Unpacking /home/fastsim-2/Downloads/ti-cgt-c7000_1.2.0.STS/lib/src/open.c
Unpacking /home/fastsim-2/Downloads/ti-cgt-c7000_1.2.0.STS/lib/src/s_fabsf.c
Unpacking /home/fastsim-2/Downloads/ti-cgt-c7000_1.2.0.STS/lib/src/remove_device.c
Unpacking /home/fastsim-2/Downloads/ti-cgt-c7000_1.2.0.STS/lib/src/fixflli.c
Unpacking /home/fastsim-2/Downloads/ti-cgt-c7000_1.2.0.STS/lib/src/s_scalbnf.c
Unpacking /home/fastsim-2/Downloads/ti-cgt-c7000_1.2.0.STS/lib/src/remove.c
Unpacking /home/fastsim-2/Downloads/ti-cgt-c7000_1.2.0.STS/lib/src/swprintf.c
Unpacking /home/fastsim-2/Downloads/ti-cgt-c7000_1.2.0.STS/lib/src/isalpha.c
Unpacking /home/fastsim-2/Downloads/ti-cgt-c7000_1.2.0.STS/lib/src/e_atanh.c
Unpacking /home/fastsim-2/Downloads/ti-cgt-c7000_1.2.0.STS/lib/src/inttypes.h
Unpacking /home/fastsim-2/Downloads/ti-cgt-c7000_1.2.0.STS/lib/src/c70_math.h
Unpacking /home/fastsim-2/Downloads/ti-cgt-c7000_1.2.0.STS/lib/src/labs.c
Unpacking /home/fastsim-2/Downloads/ti-cgt-c7000_1.2.0.STS/lib/src/s_frexp.c
Unpacking /home/fastsim-2/Downloads/ti-cgt-c7000_1.2.0.STS/lib/src/vsprintf.c
Unpacking /home/fastsim-2/Downloads/ti-cgt-c7000_1.2.0.STS/lib/src/wcsncmp.c
Unpacking /home/fastsim-2/Downloads/ti-cgt-c7000_1.2.0.STS/lib/src/s_floor.c
Unpacking /home/fastsim-2/Downloads/ti-cgt-c7000_1.2.0.STS/lib/src/locale_strings.c
Unpacking /home/fastsim-2/Downloads/ti-cgt-c7000_1.2.0.STS/lib/src/wcstof.c
Unpacking /home/fastsim-2/Downloads/ti-cgt-c7000_1.2.0.STS/lib/src/s_exp2.c
Unpacking /home/fastsim-2/Downloads/ti-cgt-c7000_1.2.0.STS/lib/src/syntf.h
Unpacking /home/fastsim-2/Downloads/ti-cgt-c7000_1.2.0.STS/lib/src/bcopy.c
Unpacking /home/fastsim-2/Downloads/ti-cgt-c7000_1.2.0.STS/lib/src/led.c
Unpacking /home/fastsim-2/Downloads/ti-cgt-c7000_1.2.0.STS/lib/src/setlocale.c
Unpacking /home/fastsim-2/Downloads/ti-cgt-c7000_1.2.0.STS/lib/src/strtol.c
Unpacking /home/fastsim-2/Downloads/ti-cgt-c7000_1.2.0.STS/lib/src/s_trunc.c
Unpacking /home/fastsim-2/Downloads/ti-cgt-c7000_1.2.0.STS/lib/src/toascii.c
Unpacking /home/fastsim-2/Downloads/ti-cgt-c7000_1.2.0.STS/lib/src/fltullf.c
Unpacking /home/fastsim-2/Downloads/ti-cgt-c7000_1.2.0.STS/lib/src/exception.stdh
Unpacking /home/fastsim-2/Downloads/ti-cgt-c7000_1.2.0.STS/lib/src/mktime.c
Unpacking /home/fastsim-2/Downloads/ti-cgt-c7000_1.2.0.STS/lib/src/vla_alloc.h
Unpacking /home/fastsim-2/Downloads/ti-cgt-c7000_1.2.0.STS/lib/src/strtok.c
Unpacking /home/fastsim-2/Downloads/ti-cgt-c7000_1.2.0.STS/lib/src/s_fdim.c
Unpacking /home/fastsim-2/Downloads/ti-cgt-c7000_1.2.0.STS/lib/src/bad_alloc.c
Unpacking /home/fastsim-2/Downloads/ti-cgt-c7000_1.2.0.STS/lib/src/ctype.h
Unpacking /home/fastsim-2/Downloads/ti-cgt-c7000_1.2.0.STS/lib/src/subd.c
Unpacking /home/fastsim-2/Downloads/ti-cgt-c7000_1.2.0.STS/lib/src/s_copysign.c
Unpacking /home/fastsim-2/Downloads/ti-cgt-c7000_1.2.0.STS/lib/src/assert.h
Unpacking /home/fastsim-2/Downloads/ti-cgt-c7000_1.2.0.STS/lib/src/dtor_list.h
Unpacking /home/fastsim-2/Downloads/ti-cgt-c7000_1.2.0.STS/lib/src/wcscat.c
Unpacking /home/fastsim-2/Downloads/ti-cgt-c7000_1.2.0.STS/lib/src/s_log1p.c
Unpacking /home/fastsim-2/Downloads/ti-cgt-c7000_1.2.0.STS/lib/src/frcmpyf.h
Unpacking /home/fastsim-2/Downloads/ti-cgt-c7000_1.2.0.STS/lib/src/vwprintf.c
Unpacking /home/fastsim-2/Downloads/ti-cgt-c7000_1.2.0.STS/lib/src/vfwprintf.c
Unpacking /home/fastsim-2/Downloads/ti-cgt-c7000_1.2.0.STS/lib/src/rtti.c
Unpacking /home/fastsim-2/Downloads/ti-cgt-c7000_1.2.0.STS/lib/src/setjmp.h
Unpacking /home/fastsim-2/Downloads/ti-cgt-c7000_1.2.0.STS/lib/src/s_roundf.c
Unpacking /home/fastsim-2/Downloads/ti-cgt-c7000_1.2.0.STS/lib/src/mpyd.c
Unpacking /home/fastsim-2/Downloads/ti-cgt-c7000_1.2.0.STS/lib/src/vec_newdel.h
Unpacking /home/fastsim-2/Downloads/ti-cgt-c7000_1.2.0.STS/lib/src/gef.c
Unpacking /home/fastsim-2/Downloads/ti-cgt-c7000_1.2.0.STS/lib/src/tdeh_common.h
Unpacking /home/fastsim-2/Downloads/ti-cgt-c7000_1.2.0.STS/lib/src/_isfuncdcl.h
Unpacking /home/fastsim-2/Downloads/ti-cgt-c7000_1.2.0.STS/lib/src/hosttime.c
Unpacking /home/fastsim-2/Downloads/ti-cgt-c7000_1.2.0.STS/lib/src/wcstold.c
Unpacking /home/fastsim-2/Downloads/ti-cgt-c7000_1.2.0.STS/lib/src/c7x_direct.h
Unpacking /home/fastsim-2/Downloads/ti-cgt-c7000_1.2.0.STS/lib/src/clearerr.c
Unpacking /home/fastsim-2/Downloads/ti-cgt-c7000_1.2.0.STS/lib/src/s_cexpf.c
Unpacking /home/fastsim-2/Downloads/ti-cgt-c7000_1.2.0.STS/lib/src/tdeh_cpp_abi.cpp
Unpacking /home/fastsim-2/Downloads/ti-cgt-c7000_1.2.0.STS/lib/src/fltyf_i.h
Unpacking /home/fastsim-2/Downloads/ti-cgt-c7000_1.2.0.STS/lib/src/s_cimagf.c
Unpacking /home/fastsim-2/Downloads/ti-cgt-c7000_1.2.0.STS/lib/src/clock.c
Unpacking /home/fastsim-2/Downloads/ti-cgt-c7000_1.2.0.STS/lib/src/getdevice.c
Unpacking /home/fastsim-2/Downloads/ti-cgt-c7000_1.2.0.STS/lib/src/stdlib_typeinfo.cpp
Unpacking /home/fastsim-2/Downloads/ti-cgt-c7000_1.2.0.STS/lib/src/complex.h
Unpacking /home/fastsim-2/Downloads/ti-cgt-c7000_1.2.0.STS/lib/src/ged.c
Unpacking /home/fastsim-2/Downloads/ti-cgt-c7000_1.2.0.STS/lib/src/s_cpowf.c
Unpacking /home/fastsim-2/Downloads/ti-cgt-c7000_1.2.0.STS/lib/src/fixdli.c
Unpacking /home/fastsim-2/Downloads/ti-cgt-c7000_1.2.0.STS/lib/src/uchar.h
Unpacking /home/fastsim-2/Downloads/ti-cgt-c7000_1.2.0.STS/lib/src/s_fmaf.c
Unpacking /home/fastsim-2/Downloads/ti-cgt-c7000_1.2.0.STS/lib/src/qsort.c
Unpacking /home/fastsim-2/Downloads/ti-cgt-c7000_1.2.0.STS/lib/src/frcdivf.h
Unpacking /home/fastsim-2/Downloads/ti-cgt-c7000_1.2.0.STS/lib/src/tmzone.c
Unpacking /home/fastsim-2/Downloads/ti-cgt-c7000_1.2.0.STS/lib/src/vcop_profile.cpp
Unpacking /home/fastsim-2/Downloads/ti-cgt-c7000_1.2.0.STS/lib/src/typeinfo.c
Unpacking /home/fastsim-2/Downloads/ti-cgt-c7000_1.2.0.STS/lib/src/gmtime.c
Unpacking /home/fastsim-2/Downloads/ti-cgt-c7000_1.2.0.STS/lib/src/vtbl.h
Unpacking /home/fastsim-2/Downloads/ti-cgt-c7000_1.2.0.STS/lib/src/wcscoll.c
Unpacking /home/fastsim-2/Downloads/ti-cgt-c7000_1.2.0.STS/lib/src/e_fmod.c
Unpacking /home/fastsim-2/Downloads/ti-cgt-c7000_1.2.0.STS/lib/src/cvtfd.c
Unpacking /home/fastsim-2/Downloads/ti-cgt-c7000_1.2.0.STS/lib/src/ungetc.c
Unpacking /home/fastsim-2/Downloads/ti-cgt-c7000_1.2.0.STS/lib/src/xlocale_private.h
Unpacking /home/fastsim-2/Downloads/ti-cgt-c7000_1.2.0.STS/lib/src/gtd.c
Unpacking /home/fastsim-2/Downloads/ti-cgt-c7000_1.2.0.STS/lib/src/float.h
Unpacking /home/fastsim-2/Downloads/ti-cgt-c7000_1.2.0.STS/lib/src/hostclock.c
Unpacking /home/fastsim-2/Downloads/ti-cgt-c7000_1.2.0.STS/lib/src/_lock.c
Unpacking /home/fastsim-2/Downloads/ti-cgt-c7000_1.2.0.STS/lib/src/s_sin.c
Unpacking /home/fastsim-2/Downloads/ti-cgt-c7000_1.2.0.STS/lib/src/hostwrite.c
Unpacking /home/fastsim-2/Downloads/ti-cgt-c7000_1.2.0.STS/lib/src/file.h
Unpacking /home/fastsim-2/Downloads/ti-cgt-c7000_1.2.0.STS/lib/src/divd.c
Unpacking /home/fastsim-2/Downloads/ti-cgt-c7000_1.2.0.STS/lib/src/memchr.c
Unpacking /home/fastsim-2/Downloads/ti-cgt-c7000_1.2.0.STS/lib/src/s_clogf.c
Unpacking /home/fastsim-2/Downloads/ti-cgt-c7000_1.2.0.STS/lib/src/difftime64.c
Unpacking /home/fastsim-2/Downloads/ti-cgt-c7000_1.2.0.STS/lib/src/locale_wchar.c
Unpacking /home/fastsim-2/Downloads/ti-cgt-c7000_1.2.0.STS/lib/src/cxxabi.h
Unpacking /home/fastsim-2/Downloads/ti-cgt-c7000_1.2.0.STS/lib/src/neqlf.c
Unpacking /home/fastsim-2/Downloads/ti-cgt-c7000_1.2.0.STS/lib/src/fixfli.c
Unpacking /home/fastsim-2/Downloads/ti-cgt-c7000_1.2.0.STS/lib/src/b_log.c
Unpacking /home/fastsim-2/Downloads/ti-cgt-c7000_1.2.0.STS/lib/src/mathimpl.h
Unpacking /home/fastsim-2/Downloads/ti-cgt-c7000_1.2.0.STS/lib/src/localtim64.c
Unpacking /home/fastsim-2/Downloads/ti-cgt-c7000_1.2.0.STS/lib/src/vsnprintf.c
Unpacking /home/fastsim-2/Downloads/ti-cgt-c7000_1.2.0.STS/lib/src/_ltoa.c
Unpacking /home/fastsim-2/Downloads/ti-cgt-c7000_1.2.0.STS/lib/src/dtor_list.c
Unpacking /home/fastsim-2/Downloads/ti-cgt-c7000_1.2.0.STS/lib/src/tdeh_pr_common.cpp
Unpacking /home/fastsim-2/Downloads/ti-cgt-c7000_1.2.0.STS/lib/src/strncasecmp.c
Unpacking /home/fastsim-2/Downloads/ti-cgt-c7000_1.2.0.STS/lib/src/fputs.c
Unpacking /home/fastsim-2/Downloads/ti-cgt-c7000_1.2.0.STS/lib/src/e_acosh.c
Unpacking /home/fastsim-2/Downloads/ti-cgt-c7000_1.2.0.STS/lib/src/common_exit.c
Unpacking /home/fastsim-2/Downloads/ti-cgt-c7000_1.2.0.STS/lib/src/fseek.c
Unpacking /home/fastsim-2/Downloads/ti-cgt-c7000_1.2.0.STS/lib/src/cpy_tbl.h
Unpacking /home/fastsim-2/Downloads/ti-cgt-c7000_1.2.0.STS/lib/src/fltlif.c
Unpacking /home/fastsim-2/Downloads/ti-cgt-c7000_1.2.0.STS/lib/src/renormf.c
Unpacking /home/fastsim-2/Downloads/ti-cgt-c7000_1.2.0.STS/lib/src/signal.h
Unpacking /home/fastsim-2/Downloads/ti-cgt-c7000_1.2.0.STS/lib/src/double_config.h
Unpacking /home/fastsim-2/Downloads/ti-cgt-c7000_1.2.0.STS/lib/src/lssf_i.h
Unpacking /home/fastsim-2/Downloads/ti-cgt-c7000_1.2.0.STS/lib/src/fwrite.c
Unpacking /home/fastsim-2/Downloads/ti-cgt-c7000_1.2.0.STS/lib/src/toupper.c
Unpacking /home/fastsim-2/Downloads/ti-cgt-c7000_1.2.0.STS/lib/src/ctype.c
Unpacking /home/fastsim-2/Downloads/ti-cgt-c7000_1.2.0.STS/lib/src/vars.c
Unpacking /home/fastsim-2/Downloads/ti-cgt-c7000_1.2.0.STS/lib/src/hostunlink.c
Unpacking /home/fastsim-2/Downloads/ti-cgt-c7000_1.2.0.STS/lib/src/s_cimag.c
Unpacking /home/fastsim-2/Downloads/ti-cgt-c7000_1.2.0.STS/lib/src/e_sinh.c
Unpacking /home/fastsim-2/Downloads/ti-cgt-c7000_1.2.0.STS/lib/src/atol.c
Unpacking /home/fastsim-2/Downloads/ti-cgt-c7000_1.2.0.STS/lib/src/isupper.c
Unpacking /home/fastsim-2/Downloads/ti-cgt-c7000_1.2.0.STS/lib/src/vfwscanf.c
Unpacking /home/fastsim-2/Downloads/ti-cgt-c7000_1.2.0.STS/lib/src/wcstoll.c
Unpacking /home/fastsim-2/Downloads/ti-cgt-c7000_1.2.0.STS/lib/src/_ti_config.h
Unpacking /home/fastsim-2/Downloads/ti-cgt-c7000_1.2.0.STS/lib/src/tgmath.h
Unpacking /home/fastsim-2/Downloads/ti-cgt-c7000_1.2.0.STS/lib/src/tolower.c
Unpacking /home/fastsim-2/Downloads/ti-cgt-c7000_1.2.0.STS/lib/src/s_ccoshf.c
Unpacking /home/fastsim-2/Downloads/ti-cgt-c7000_1.2.0.STS/lib/src/frcmpyf2_i.h
Unpacking /home/fastsim-2/Downloads/ti-cgt-c7000_1.2.0.STS/lib/src/e_fmodf.c
Unpacking /home/fastsim-2/Downloads/ti-cgt-c7000_1.2.0.STS/lib/src/s_conjf.c
Unpacking /home/fastsim-2/Downloads/ti-cgt-c7000_1.2.0.STS/lib/src/fclose.c
Unpacking /home/fastsim-2/Downloads/ti-cgt-c7000_1.2.0.STS/lib/src/fltllid.c
Unpacking /home/fastsim-2/Downloads/ti-cgt-c7000_1.2.0.STS/lib/src/reald.h
Unpacking /home/fastsim-2/Downloads/ti-cgt-c7000_1.2.0.STS/lib/src/negf_i.h
Unpacking /home/fastsim-2/Downloads/ti-cgt-c7000_1.2.0.STS/lib/src/e_atanhf.c
Unpacking /home/fastsim-2/Downloads/ti-cgt-c7000_1.2.0.STS/lib/src/lowlev.h
Unpacking /home/fastsim-2/Downloads/ti-cgt-c7000_1.2.0.STS/lib/src/s_llroundl.c
Unpacking /home/fastsim-2/Downloads/ti-cgt-c7000_1.2.0.STS/lib/src/s_logb.c
Unpacking /home/fastsim-2/Downloads/ti-cgt-c7000_1.2.0.STS/lib/src/e_log10f.c
Unpacking /home/fastsim-2/Downloads/ti-cgt-c7000_1.2.0.STS/lib/src/snprintf.c
Unpacking /home/fastsim-2/Downloads/ti-cgt-c7000_1.2.0.STS/lib/src/getenv.c
Unpacking /home/fastsim-2/Downloads/ti-cgt-c7000_1.2.0.STS/lib/src/c7x_luthist.h
Unpacking /home/fastsim-2/Downloads/ti-cgt-c7000_1.2.0.STS/lib/src/perror.c
Unpacking /home/fastsim-2/Downloads/ti-cgt-c7000_1.2.0.STS/lib/src/chunk.h
Unpacking /home/fastsim-2/Downloads/ti-cgt-c7000_1.2.0.STS/lib/src/autoinit.h
Unpacking /home/fastsim-2/Downloads/ti-cgt-c7000_1.2.0.STS/lib/src/error.h
Unpacking /home/fastsim-2/Downloads/ti-cgt-c7000_1.2.0.STS/lib/src/_pthread.c
Unpacking /home/fastsim-2/Downloads/ti-cgt-c7000_1.2.0.STS/lib/src/math_private.h
Unpacking /home/fastsim-2/Downloads/ti-cgt-c7000_1.2.0.STS/lib/src/setvbuf.c
Unpacking /home/fastsim-2/Downloads/ti-cgt-c7000_1.2.0.STS/lib/src/addd.c
Unpacking /home/fastsim-2/Downloads/ti-cgt-c7000_1.2.0.STS/lib/src/fixdi.c
Unpacking /home/fastsim-2/Downloads/ti-cgt-c7000_1.2.0.STS/lib/src/strncat.c
Unpacking /home/fastsim-2/Downloads/ti-cgt-c7000_1.2.0.STS/lib/src/guard.c
Unpacking /home/fastsim-2/Downloads/ti-cgt-c7000_1.2.0.STS/lib/src/e_lgammaf.c
Unpacking /home/fastsim-2/Downloads/ti-cgt-c7000_1.2.0.STS/lib/src/memcmp.c
Unpacking /home/fastsim-2/Downloads/ti-cgt-c7000_1.2.0.STS/lib/src/basics.h
Unpacking /home/fastsim-2/Downloads/ti-cgt-c7000_1.2.0.STS/lib/src/vprintf.c
Unpacking /home/fastsim-2/Downloads/ti-cgt-c7000_1.2.0.STS/lib/src/fputws.c
Unpacking /home/fastsim-2/Downloads/ti-cgt-c7000_1.2.0.STS/lib/src/string.h
Unpacking /home/fastsim-2/Downloads/ti-cgt-c7000_1.2.0.STS/lib/src/s_ilogbf.c
Unpacking /home/fastsim-2/Downloads/ti-cgt-c7000_1.2.0.STS/lib/src/wcstoull.c
Unpacking /home/fastsim-2/Downloads/ti-cgt-c7000_1.2.0.STS/lib/src/s_exp2f.c
Unpacking /home/fastsim-2/Downloads/ti-cgt-c7000_1.2.0.STS/lib/src/wctype.c
Unpacking /home/fastsim-2/Downloads/ti-cgt-c7000_1.2.0.STS/lib/src/exit.c
Unpacking /home/fastsim-2/Downloads/ti-cgt-c7000_1.2.0.STS/lib/src/strncpy.c
Unpacking /home/fastsim-2/Downloads/ti-cgt-c7000_1.2.0.STS/lib/src/pre_init.c
Unpacking /home/fastsim-2/Downloads/ti-cgt-c7000_1.2.0.STS/lib/src/e_cosh.c
Unpacking /home/fastsim-2/Downloads/ti-cgt-c7000_1.2.0.STS/lib/src/ldiv.c
Unpacking /home/fastsim-2/Downloads/ti-cgt-c7000_1.2.0.STS/lib/src/lseek.c
Unpacking /home/fastsim-2/Downloads/ti-cgt-c7000_1.2.0.STS/lib/src/s_cpow.c
Unpacking /home/fastsim-2/Downloads/ti-cgt-c7000_1.2.0.STS/lib/src/s_erff.c
Unpacking /home/fastsim-2/Downloads/ti-cgt-c7000_1.2.0.STS/lib/src/math_intr_access.h
Unpacking /home/fastsim-2/Downloads/ti-cgt-c7000_1.2.0.STS/lib/src/swscanf.c
Unpacking /home/fastsim-2/Downloads/ti-cgt-c7000_1.2.0.STS/lib/src/isascii.c
Unpacking /home/fastsim-2/Downloads/ti-cgt-c7000_1.2.0.STS/lib/src/memzero.h
Unpacking /home/fastsim-2/Downloads/ti-cgt-c7000_1.2.0.STS/lib/src/strcat.c
Unpacking /home/fastsim-2/Downloads/ti-cgt-c7000_1.2.0.STS/lib/src/imaxabs.c
Unpacking /home/fastsim-2/Downloads/ti-cgt-c7000_1.2.0.STS/lib/src/e_asinf.c
Unpacking /home/fastsim-2/Downloads/ti-cgt-c7000_1.2.0.STS/lib/src/frcdivf2_i.h
Unpacking /home/fastsim-2/Downloads/ti-cgt-c7000_1.2.0.STS/lib/src/s_modf.c
Unpacking /home/fastsim-2/Downloads/ti-cgt-c7000_1.2.0.STS/lib/src/c99_complex.c
Unpacking /home/fastsim-2/Downloads/ti-cgt-c7000_1.2.0.STS/lib/src/strstr.c
Unpacking /home/fastsim-2/Downloads/ti-cgt-c7000_1.2.0.STS/lib/src/mpyf_i.h
Unpacking /home/fastsim-2/Downloads/ti-cgt-c7000_1.2.0.STS/lib/src/wmemcpy.c
Unpacking /home/fastsim-2/Downloads/ti-cgt-c7000_1.2.0.STS/lib/src/s_lround.c
Unpacking /home/fastsim-2/Downloads/ti-cgt-c7000_1.2.0.STS/lib/src/renormf_i.h
Unpacking /home/fastsim-2/Downloads/ti-cgt-c7000_1.2.0.STS/lib/src/error.c
Unpacking /home/fastsim-2/Downloads/ti-cgt-c7000_1.2.0.STS/lib/src/tdeh_c7000.h
Unpacking /home/fastsim-2/Downloads/ti-cgt-c7000_1.2.0.STS/lib/src/write.c
Unpacking /home/fastsim-2/Downloads/ti-cgt-c7000_1.2.0.STS/lib/src/renormd.h
Unpacking /home/fastsim-2/Downloads/ti-cgt-c7000_1.2.0.STS/lib/src/boot_hooks.h
Unpacking /home/fastsim-2/Downloads/ti-cgt-c7000_1.2.0.STS/lib/src/s_nexttowardf.c
Unpacking /home/fastsim-2/Downloads/ti-cgt-c7000_1.2.0.STS/lib/src/memset.c
Unpacking /home/fastsim-2/Downloads/ti-cgt-c7000_1.2.0.STS/lib/src/gtf.c
Unpacking /home/fastsim-2/Downloads/ti-cgt-c7000_1.2.0.STS/lib/src/s_creal.c
Unpacking /home/fastsim-2/Downloads/ti-cgt-c7000_1.2.0.STS/lib/src/hostopen.c
Unpacking /home/fastsim-2/Downloads/ti-cgt-c7000_1.2.0.STS/lib/src/wcsspn.c
Unpacking /home/fastsim-2/Downloads/ti-cgt-c7000_1.2.0.STS/lib/src/lldiv.c
Unpacking /home/fastsim-2/Downloads/ti-cgt-c7000_1.2.0.STS/lib/src/s_tanhf.c
Unpacking /home/fastsim-2/Downloads/ti-cgt-c7000_1.2.0.STS/lib/src/time64.c
Unpacking /home/fastsim-2/Downloads/ti-cgt-c7000_1.2.0.STS/lib/src/index.c
Unpacking /home/fastsim-2/Downloads/ti-cgt-c7000_1.2.0.STS/lib/src/fltllif.c
Unpacking /home/fastsim-2/Downloads/ti-cgt-c7000_1.2.0.STS/lib/src/assert.c
Unpacking /home/fastsim-2/Downloads/ti-cgt-c7000_1.2.0.STS/lib/src/decode.c
Unpacking /home/fastsim-2/Downloads/ti-cgt-c7000_1.2.0.STS/lib/src/fltuld.c
Unpacking /home/fastsim-2/Downloads/ti-cgt-c7000_1.2.0.STS/lib/src/strchr.c
Unpacking /home/fastsim-2/Downloads/ti-cgt-c7000_1.2.0.STS/lib/src/stdalign.h
Unpacking /home/fastsim-2/Downloads/ti-cgt-c7000_1.2.0.STS/lib/src/wscanf.c
Unpacking /home/fastsim-2/Downloads/ti-cgt-c7000_1.2.0.STS/lib/src/args_main.c
Unpacking /home/fastsim-2/Downloads/ti-cgt-c7000_1.2.0.STS/lib/src/s_cprojf.c
Unpacking /home/fastsim-2/Downloads/ti-cgt-c7000_1.2.0.STS/lib/src/wmemmove.c
Unpacking /home/fastsim-2/Downloads/ti-cgt-c7000_1.2.0.STS/lib/src/s_remquo.c
Unpacking /home/fastsim-2/Downloads/ti-cgt-c7000_1.2.0.STS/lib/src/atof.c
Unpacking /home/fastsim-2/Downloads/ti-cgt-c7000_1.2.0.STS/lib/src/fflush.c
Unpacking /home/fastsim-2/Downloads/ti-cgt-c7000_1.2.0.STS/lib/src/fixfull.c
Unpacking /home/fastsim-2/Downloads/ti-cgt-c7000_1.2.0.STS/lib/src/add_device.c
Unpacking /home/fastsim-2/Downloads/ti-cgt-c7000_1.2.0.STS/lib/src/e_log.c
Unpacking /home/fastsim-2/Downloads/ti-cgt-c7000_1.2.0.STS/lib/src/gmtime64.c
Unpacking /home/fastsim-2/Downloads/ti-cgt-c7000_1.2.0.STS/lib/src/addf.c
Unpacking /home/fastsim-2/Downloads/ti-cgt-c7000_1.2.0.STS/lib/src/vec_cctor.c
Unpacking /home/fastsim-2/Downloads/ti-cgt-c7000_1.2.0.STS/lib/src/frcmpyd.c
Unpacking /home/fastsim-2/Downloads/ti-cgt-c7000_1.2.0.STS/lib/src/ieeef.h
Unpacking /home/fastsim-2/Downloads/ti-cgt-c7000_1.2.0.STS/lib/src/strcasecmp.c
Unpacking /home/fastsim-2/Downloads/ti-cgt-c7000_1.2.0.STS/lib/src/s_cexp.c
Unpacking /home/fastsim-2/Downloads/ti-cgt-c7000_1.2.0.STS/lib/src/renormd.c
Unpacking /home/fastsim-2/Downloads/ti-cgt-c7000_1.2.0.STS/lib/src/e_acos.c
Unpacking /home/fastsim-2/Downloads/ti-cgt-c7000_1.2.0.STS/lib/src/sscanf.c
Unpacking /home/fastsim-2/Downloads/ti-cgt-c7000_1.2.0.STS/lib/src/_scanfi_min.c
Unpacking /home/fastsim-2/Downloads/ti-cgt-c7000_1.2.0.STS/lib/src/_lock.h
Unpacking /home/fastsim-2/Downloads/ti-cgt-c7000_1.2.0.STS/lib/src/e_asin.c
Unpacking /home/fastsim-2/Downloads/ti-cgt-c7000_1.2.0.STS/lib/src/div.c
Unpacking /home/fastsim-2/Downloads/ti-cgt-c7000_1.2.0.STS/lib/src/pure_virt.c
Unpacking /home/fastsim-2/Downloads/ti-cgt-c7000_1.2.0.STS/lib/src/linkage.h
Unpacking /home/fastsim-2/Downloads/ti-cgt-c7000_1.2.0.STS/lib/src/s_clog.c
Unpacking /home/fastsim-2/Downloads/ti-cgt-c7000_1.2.0.STS/lib/src/fgetws.c
Unpacking /home/fastsim-2/Downloads/ti-cgt-c7000_1.2.0.STS/lib/src/setbuf.c
Unpacking /home/fastsim-2/Downloads/ti-cgt-c7000_1.2.0.STS/lib/src/strtoull.c
Unpacking /home/fastsim-2/Downloads/ti-cgt-c7000_1.2.0.STS/lib/src/s_csqrt.c
Unpacking /home/fastsim-2/Downloads/ti-cgt-c7000_1.2.0.STS/lib/src/wcsncpy.c
Unpacking /home/fastsim-2/Downloads/ti-cgt-c7000_1.2.0.STS/lib/src/locale.h
Unpacking /home/fastsim-2/Downloads/ti-cgt-c7000_1.2.0.STS/lib/src/memory.c
Unpacking /home/fastsim-2/Downloads/ti-cgt-c7000_1.2.0.STS/lib/src/e_sinhf.c
Unpacking /home/fastsim-2/Downloads/ti-cgt-c7000_1.2.0.STS/lib/src/s_ccosh.c
Unpacking /home/fastsim-2/Downloads/ti-cgt-c7000_1.2.0.STS/lib/src/frcaddd.c
Unpacking /home/fastsim-2/Downloads/ti-cgt-c7000_1.2.0.STS/lib/src/e_hypot.c
Unpacking /home/fastsim-2/Downloads/ti-cgt-c7000_1.2.0.STS/lib/src/stdarg.h
Unpacking /home/fastsim-2/Downloads/ti-cgt-c7000_1.2.0.STS/lib/src/bcmp.c
Unpacking /home/fastsim-2/Downloads/ti-cgt-c7000_1.2.0.STS/lib/src/time.h
Unpacking /home/fastsim-2/Downloads/ti-cgt-c7000_1.2.0.STS/lib/src/s_cbrtf.c
Unpacking /home/fastsim-2/Downloads/ti-cgt-c7000_1.2.0.STS/lib/src/leqf_i.h
Unpacking /home/fastsim-2/Downloads/ti-cgt-c7000_1.2.0.STS/lib/src/wcsdup.c
Unpacking /home/fastsim-2/Downloads/ti-cgt-c7000_1.2.0.STS/lib/src/s_lrintf.c
Unpacking /home/fastsim-2/Downloads/ti-cgt-c7000_1.2.0.STS/lib/src/s_rintf.c
Unpacking /home/fastsim-2/Downloads/ti-cgt-c7000_1.2.0.STS/lib/src/tdeh_unwinder.cpp
Unpacking /home/fastsim-2/Downloads/ti-cgt-c7000_1.2.0.STS/lib/src/fltud.c
Unpacking /home/fastsim-2/Downloads/ti-cgt-c7000_1.2.0.STS/lib/src/frcmpyf_div.c
Unpacking /home/fastsim-2/Downloads/ti-cgt-c7000_1.2.0.STS/lib/src/remi_c.c
Unpacking /home/fastsim-2/Downloads/ti-cgt-c7000_1.2.0.STS/lib/src/e_acoshf.c
Unpacking /home/fastsim-2/Downloads/ti-cgt-c7000_1.2.0.STS/lib/src/renormf.h
Unpacking /home/fastsim-2/Downloads/ti-cgt-c7000_1.2.0.STS/lib/src/s_sinf.c
Unpacking /home/fastsim-2/Downloads/ti-cgt-c7000_1.2.0.STS/lib/src/ltf.c
Unpacking /home/fastsim-2/Downloads/ti-cgt-c7000_1.2.0.STS/lib/src/cpp_inline_math.h
Unpacking /home/fastsim-2/Downloads/ti-cgt-c7000_1.2.0.STS/lib/src/s_cprojl.c
Unpacking /home/fastsim-2/Downloads/ti-cgt-c7000_1.2.0.STS/lib/src/ctime64.c
Unpacking /home/fastsim-2/Downloads/ti-cgt-c7000_1.2.0.STS/lib/src/new.stdh
Unpacking /home/fastsim-2/Downloads/ti-cgt-c7000_1.2.0.STS/lib/src/frcaddf.h
Unpacking /home/fastsim-2/Downloads/ti-cgt-c7000_1.2.0.STS/lib/src/s_csinhf.c
Unpacking /home/fastsim-2/Downloads/ti-cgt-c7000_1.2.0.STS/lib/src/e_logf.c
Unpacking /home/fastsim-2/Downloads/ti-cgt-c7000_1.2.0.STS/lib/src/s_fabs.c
Unpacking /home/fastsim-2/Downloads/ti-cgt-c7000_1.2.0.STS/lib/src/s_lrintl.c
Unpacking /home/fastsim-2/Downloads/ti-cgt-c7000_1.2.0.STS/lib/src/read.c
Unpacking /home/fastsim-2/Downloads/ti-cgt-c7000_1.2.0.STS/lib/src/isdigit.c
Unpacking /home/fastsim-2/Downloads/ti-cgt-c7000_1.2.0.STS/lib/src/abi_prefix.h
Unpacking /home/fastsim-2/Downloads/ti-cgt-c7000_1.2.0.STS/lib/src/c7x_strm.h
Unpacking /home/fastsim-2/Downloads/ti-cgt-c7000_1.2.0.STS/lib/src/_scanfi_nf.c
Unpacking /home/fastsim-2/Downloads/ti-cgt-c7000_1.2.0.STS/lib/src/s_llrintf.c
Unpacking /home/fastsim-2/Downloads/ti-cgt-c7000_1.2.0.STS/lib/src/_mutex.c
Unpacking /home/fastsim-2/Downloads/ti-cgt-c7000_1.2.0.STS/lib/src/syntd.h
Unpacking /home/fastsim-2/Downloads/ti-cgt-c7000_1.2.0.STS/lib/src/limits.h
Unpacking /home/fastsim-2/Downloads/ti-cgt-c7000_1.2.0.STS/lib/src/rand.c
Unpacking /home/fastsim-2/Downloads/ti-cgt-c7000_1.2.0.STS/lib/src/s_nextafter.c
Unpacking /home/fastsim-2/Downloads/ti-cgt-c7000_1.2.0.STS/lib/src/Makefile
Unpacking /home/fastsim-2/Downloads/ti-cgt-c7000_1.2.0.STS/lib/src/exception.c
Unpacking /home/fastsim-2/Downloads/ti-cgt-c7000_1.2.0.STS/lib/src/s_rint.c
Unpacking /home/fastsim-2/Downloads/ti-cgt-c7000_1.2.0.STS/lib/src/frcmpyf_div_i.h
Unpacking /home/fastsim-2/Downloads/ti-cgt-c7000_1.2.0.STS/lib/src/geqf_i.h
Unpacking /home/fastsim-2/Downloads/ti-cgt-c7000_1.2.0.STS/lib/src/quick_exit.c
Unpacking /home/fastsim-2/Downloads/ti-cgt-c7000_1.2.0.STS/lib/src/wcstoimax.c
Unpacking /home/fastsim-2/Downloads/ti-cgt-c7000_1.2.0.STS/lib/src/_pthread.h
Unpacking /home/fastsim-2/Downloads/ti-cgt-c7000_1.2.0.STS/lib/src/e_log2f.c
Unpacking /home/fastsim-2/Downloads/ti-cgt-c7000_1.2.0.STS/lib/src/s_log1pf.c
Unpacking /home/fastsim-2/Downloads/ti-cgt-c7000_1.2.0.STS/lib/src/ltoa.c
Unpacking /home/fastsim-2/Downloads/ti-cgt-c7000_1.2.0.STS/lib/src/printf.c
Unpacking /home/fastsim-2/Downloads/ti-cgt-c7000_1.2.0.STS/lib/src/signal.c
Unpacking /home/fastsim-2/Downloads/ti-cgt-c7000_1.2.0.STS/lib/src/ffs.c
Unpacking /home/fastsim-2/Downloads/ti-cgt-c7000_1.2.0.STS/lib/src/frcaddd.h
Unpacking /home/fastsim-2/Downloads/ti-cgt-c7000_1.2.0.STS/lib/src/trgdrv.h
Unpacking /home/fastsim-2/Downloads/ti-cgt-c7000_1.2.0.STS/lib/src/fltlid.c
Unpacking /home/fastsim-2/Downloads/ti-cgt-c7000_1.2.0.STS/lib/src/close.c
Unpacking /home/fastsim-2/Downloads/ti-cgt-c7000_1.2.0.STS/lib/src/hostrename.c
Unpacking /home/fastsim-2/Downloads/ti-cgt-c7000_1.2.0.STS/lib/src/w_cabsl.c
Unpacking /home/fastsim-2/Downloads/ti-cgt-c7000_1.2.0.STS/lib/src/wcschr.c
Unpacking /home/fastsim-2/Downloads/ti-cgt-c7000_1.2.0.STS/lib/src/s_conjl.c
Unpacking /home/fastsim-2/Downloads/ti-cgt-c7000_1.2.0.STS/lib/src/time.c
Unpacking /home/fastsim-2/Downloads/ti-cgt-c7000_1.2.0.STS/lib/src/target.h
Unpacking /home/fastsim-2/Downloads/ti-cgt-c7000_1.2.0.STS/lib/src/newhandler.c
Unpacking /home/fastsim-2/Downloads/ti-cgt-c7000_1.2.0.STS/lib/src/fenv-softfloat.h
Unpacking /home/fastsim-2/Downloads/ti-cgt-c7000_1.2.0.STS/lib/src/fread.c
Unpacking /home/fastsim-2/Downloads/ti-cgt-c7000_1.2.0.STS/lib/src/e_atan2f.c
Unpacking /home/fastsim-2/Downloads/ti-cgt-c7000_1.2.0.STS/lib/src/tdeh_pr_c7000.cpp
Unpacking /home/fastsim-2/Downloads/ti-cgt-c7000_1.2.0.STS/lib/src/ctime_.c
Unpacking /home/fastsim-2/Downloads/ti-cgt-c7000_1.2.0.STS/lib/src/mktime64.c
Unpacking /home/fastsim-2/Downloads/ti-cgt-c7000_1.2.0.STS/lib/src/s_conj.c
Unpacking /home/fastsim-2/Downloads/ti-cgt-c7000_1.2.0.STS/lib/src/_printfi.c
Unpacking /home/fastsim-2/Downloads/ti-cgt-c7000_1.2.0.STS/lib/src/frcmpyf1_i.h
Unpacking /home/fastsim-2/Downloads/ti-cgt-c7000_1.2.0.STS/lib/src/fenv.h
Unpacking /home/fastsim-2/Downloads/ti-cgt-c7000_1.2.0.STS/lib/src/ti_nan.c
Unpacking /home/fastsim-2/Downloads/ti-cgt-c7000_1.2.0.STS/lib/src/iso646.h
Unpacking /home/fastsim-2/Downloads/ti-cgt-c7000_1.2.0.STS/lib/src/wcspbrk.c
Unpacking /home/fastsim-2/Downloads/ti-cgt-c7000_1.2.0.STS/lib/src/k_tan.c
Unpacking /home/fastsim-2/Downloads/ti-cgt-c7000_1.2.0.STS/lib/src/remu_c.c
Unpacking /home/fastsim-2/Downloads/ti-cgt-c7000_1.2.0.STS/lib/src/_tls.h
Unpacking /home/fastsim-2/Downloads/ti-cgt-c7000_1.2.0.STS/lib/src/formi32.h
Unpacking /home/fastsim-2/Downloads/ti-cgt-c7000_1.2.0.STS/lib/src/format.h
Unpacking /home/fastsim-2/Downloads/ti-cgt-c7000_1.2.0.STS/lib/src/copy_zero_init.c
Unpacking /home/fastsim-2/Downloads/ti-cgt-c7000_1.2.0.STS/lib/src/frcdivf.c
Unpacking /home/fastsim-2/Downloads/ti-cgt-c7000_1.2.0.STS/lib/src/_defs.h
Unpacking /home/fastsim-2/Downloads/ti-cgt-c7000_1.2.0.STS/lib/src/stdlib_exception.cpp
Unpacking /home/fastsim-2/Downloads/ti-cgt-c7000_1.2.0.STS/lib/src/s_creall.c
Unpacking /home/fastsim-2/Downloads/ti-cgt-c7000_1.2.0.STS/lib/src/fixdul.c
Unpacking /home/fastsim-2/Downloads/ti-cgt-c7000_1.2.0.STS/lib/src/s_asinhf.c
Unpacking /home/fastsim-2/Downloads/ti-cgt-c7000_1.2.0.STS/lib/src/fixdu.c
Unpacking /home/fastsim-2/Downloads/ti-cgt-c7000_1.2.0.STS/lib/src/locale_inttypes.c
Unpacking /home/fastsim-2/Downloads/ti-cgt-c7000_1.2.0.STS/lib/src/isxdigit.c
Unpacking /home/fastsim-2/Downloads/ti-cgt-c7000_1.2.0.STS/lib/src/s_nextafterf.c
Unpacking /home/fastsim-2/Downloads/ti-cgt-c7000_1.2.0.STS/lib/src/fprintf.c
Unpacking /home/fastsim-2/Downloads/ti-cgt-c7000_1.2.0.STS/lib/src/frcmpyd_div.c
Unpacking /home/fastsim-2/Downloads/ti-cgt-c7000_1.2.0.STS/lib/src/vec_newdel.c
Unpacking /home/fastsim-2/Downloads/ti-cgt-c7000_1.2.0.STS/lib/src/strcoll.c
Unpacking /home/fastsim-2/Downloads/ti-cgt-c7000_1.2.0.STS/lib/src/fixfy_i.h
Unpacking /home/fastsim-2/Downloads/ti-cgt-c7000_1.2.0.STS/lib/src/copy_decompress_lzss.c
Unpacking /home/fastsim-2/Downloads/ti-cgt-c7000_1.2.0.STS/lib/src/s_cbrt.c
Unpacking /home/fastsim-2/Downloads/ti-cgt-c7000_1.2.0.STS/lib/src/strtoul.c
Unpacking /home/fastsim-2/Downloads/ti-cgt-c7000_1.2.0.STS/lib/src/e_lgamma_r.c
Unpacking /home/fastsim-2/Downloads/ti-cgt-c7000_1.2.0.STS/lib/src/k_expf.c
Unpacking /home/fastsim-2/Downloads/ti-cgt-c7000_1.2.0.STS/lib/src/_reg_mutex_api.h
Unpacking /home/fastsim-2/Downloads/ti-cgt-c7000_1.2.0.STS/lib/src/vcop_memory.c
Unpacking /home/fastsim-2/Downloads/ti-cgt-c7000_1.2.0.STS/lib/src/frcmpyd.h
Unpacking /home/fastsim-2/Downloads/ti-cgt-c7000_1.2.0.STS/lib/src/fltid.c
Unpacking /home/fastsim-2/Downloads/ti-cgt-c7000_1.2.0.STS/lib/src/s_tan.c
Unpacking /home/fastsim-2/Downloads/ti-cgt-c7000_1.2.0.STS/lib/src/fltulf.c
Unpacking /home/fastsim-2/Downloads/ti-cgt-c7000_1.2.0.STS/lib/src/frcaddf_i.h
Unpacking /home/fastsim-2/Downloads/ti-cgt-c7000_1.2.0.STS/lib/src/catrig.c
Unpacking /home/fastsim-2/Downloads/ti-cgt-c7000_1.2.0.STS/lib/src/fgetc.c
Unpacking /home/fastsim-2/Downloads/ti-cgt-c7000_1.2.0.STS/lib/src/s_tanf.c
Unpacking /home/fastsim-2/Downloads/ti-cgt-c7000_1.2.0.STS/lib/src/negf.c
Unpacking /home/fastsim-2/Downloads/ti-cgt-c7000_1.2.0.STS/lib/src/vfprintf.c
Unpacking /home/fastsim-2/Downloads/ti-cgt-c7000_1.2.0.STS/lib/src/hostread.c
Unpacking /home/fastsim-2/Downloads/ti-cgt-c7000_1.2.0.STS/lib/src/s_truncf.c
Unpacking /home/fastsim-2/Downloads/ti-cgt-c7000_1.2.0.STS/lib/src/_stdint40.h
Unpacking /home/fastsim-2/Downloads/ti-cgt-c7000_1.2.0.STS/lib/src/math.h
Unpacking /home/fastsim-2/Downloads/ti-cgt-c7000_1.2.0.STS/lib/src/strcpy.c
Unpacking /home/fastsim-2/Downloads/ti-cgt-c7000_1.2.0.STS/lib/src/wcstoumax.c
Unpacking /home/fastsim-2/Downloads/ti-cgt-c7000_1.2.0.STS/lib/src/mpyf.c
Unpacking /home/fastsim-2/Downloads/ti-cgt-c7000_1.2.0.STS/lib/src/s_modff.c
Unpacking /home/fastsim-2/Downloads/ti-cgt-c7000_1.2.0.STS/lib/src/fputc.c
Unpacking /home/fastsim-2/Downloads/ti-cgt-c7000_1.2.0.STS/lib/src/wcscspn.c
Unpacking /home/fastsim-2/Downloads/ti-cgt-c7000_1.2.0.STS/lib/src/e_exp.c
Unpacking /home/fastsim-2/Downloads/ti-cgt-c7000_1.2.0.STS/lib/src/s_clogl.c
Unpacking /home/fastsim-2/Downloads/ti-cgt-c7000_1.2.0.STS/lib/src/s_asinh.c
Unpacking /home/fastsim-2/Downloads/ti-cgt-c7000_1.2.0.STS/lib/src/atoll.c
Unpacking /home/fastsim-2/Downloads/ti-cgt-c7000_1.2.0.STS/lib/src/s_logbf.c
Unpacking /home/fastsim-2/Downloads/ti-cgt-c7000_1.2.0.STS/lib/src/isalnum.c
Unpacking /home/fastsim-2/Downloads/ti-cgt-c7000_1.2.0.STS/lib/src/s_copysignf.c
Unpacking /home/fastsim-2/Downloads/ti-cgt-c7000_1.2.0.STS/lib/src/e_rem_pio2.c
Unpacking /home/fastsim-2/Downloads/ti-cgt-c7000_1.2.0.STS/lib/src/s_cosf.c
Unpacking /home/fastsim-2/Downloads/ti-cgt-c7000_1.2.0.STS/lib/src/c7x_strm_struct.h
Unpacking /home/fastsim-2/Downloads/ti-cgt-c7000_1.2.0.STS/lib/src/s_llroundf.c
Unpacking /home/fastsim-2/Downloads/ti-cgt-c7000_1.2.0.STS/lib/src/catrigf.c
Unpacking /home/fastsim-2/Downloads/ti-cgt-c7000_1.2.0.STS/lib/src/s_cargf.c
Unpacking /home/fastsim-2/Downloads/ti-cgt-c7000_1.2.0.STS/lib/src/e_log2.c
Unpacking /home/fastsim-2/Downloads/ti-cgt-c7000_1.2.0.STS/lib/src/imaxdiv.c
Unpacking /home/fastsim-2/Downloads/ti-cgt-c7000_1.2.0.STS/lib/src/s_lroundl.c
Unpacking /home/fastsim-2/Downloads/ti-cgt-c7000_1.2.0.STS/lib/src/isgraph.c
Unpacking /home/fastsim-2/Downloads/ti-cgt-c7000_1.2.0.STS/lib/src/strcmp.c
Unpacking /home/fastsim-2/Downloads/ti-cgt-c7000_1.2.0.STS/lib/src/tmpnam.c
Unpacking /home/fastsim-2/Downloads/ti-cgt-c7000_1.2.0.STS/lib/src/fgetpos.c
Unpacking /home/fastsim-2/Downloads/ti-cgt-c7000_1.2.0.STS/lib/src/isprint.c
Unpacking /home/fastsim-2/Downloads/ti-cgt-c7000_1.2.0.STS/lib/src/machine/_inttypes.h
Unpacking /home/fastsim-2/Downloads/ti-cgt-c7000_1.2.0.STS/lib/src/machine/_types.h
Unpacking /home/fastsim-2/Downloads/ti-cgt-c7000_1.2.0.STS/lib/src/machine/endian.h
Unpacking /home/fastsim-2/Downloads/ti-cgt-c7000_1.2.0.STS/lib/src/machine/_stdint.h
Unpacking /home/fastsim-2/Downloads/ti-cgt-c7000_1.2.0.STS/lib/src/machine/_limits.h
Unpacking /home/fastsim-2/Downloads/ti-cgt-c7000_1.2.0.STS/lib/src/xlocale/_inttypes.h
Unpacking /home/fastsim-2/Downloads/ti-cgt-c7000_1.2.0.STS/lib/src/xlocale/_monetary.h
Unpacking /home/fastsim-2/Downloads/ti-cgt-c7000_1.2.0.STS/lib/src/xlocale/_langinfo.h
Unpacking /home/fastsim-2/Downloads/ti-cgt-c7000_1.2.0.STS/lib/src/xlocale/_time.h
Unpacking /home/fastsim-2/Downloads/ti-cgt-c7000_1.2.0.STS/lib/src/xlocale/_stdio.h
Unpacking /home/fastsim-2/Downloads/ti-cgt-c7000_1.2.0.STS/lib/src/xlocale/_string.h
Unpacking /home/fastsim-2/Downloads/ti-cgt-c7000_1.2.0.STS/lib/src/xlocale/_stdlib.h
Unpacking /home/fastsim-2/Downloads/ti-cgt-c7000_1.2.0.STS/lib/src/xlocale/_wchar.h
Unpacking /home/fastsim-2/Downloads/ti-cgt-c7000_1.2.0.STS/lib/src/xlocale/_uchar.h
Unpacking /home/fastsim-2/Downloads/ti-cgt-c7000_1.2.0.STS/lib/src/xlocale/_ctype.h
Unpacking /home/fastsim-2/Downloads/ti-cgt-c7000_1.2.0.STS/lib/src/xlocale/_locale.h
Unpacking /home/fastsim-2/Downloads/ti-cgt-c7000_1.2.0.STS/lib/src/libcxx/__bsd_locale_defaults.h
Unpacking /home/fastsim-2/Downloads/ti-cgt-c7000_1.2.0.STS/lib/src/libcxx/cctype
Unpacking /home/fastsim-2/Downloads/ti-cgt-c7000_1.2.0.STS/lib/src/libcxx/__nullptr
Unpacking /home/fastsim-2/Downloads/ti-cgt-c7000_1.2.0.STS/lib/src/libcxx/cstdarg
Unpacking /home/fastsim-2/Downloads/ti-cgt-c7000_1.2.0.STS/lib/src/libcxx/chrono.cpp
Unpacking /home/fastsim-2/Downloads/ti-cgt-c7000_1.2.0.STS/lib/src/libcxx/__locale
Unpacking /home/fastsim-2/Downloads/ti-cgt-c7000_1.2.0.STS/lib/src/libcxx/strstream.cpp
Unpacking /home/fastsim-2/Downloads/ti-cgt-c7000_1.2.0.STS/lib/src/libcxx/limits
Unpacking /home/fastsim-2/Downloads/ti-cgt-c7000_1.2.0.STS/lib/src/libcxx/cstdio
Unpacking /home/fastsim-2/Downloads/ti-cgt-c7000_1.2.0.STS/lib/src/libcxx/ctgmath
Unpacking /home/fastsim-2/Downloads/ti-cgt-c7000_1.2.0.STS/lib/src/libcxx/regex.cpp
Unpacking /home/fastsim-2/Downloads/ti-cgt-c7000_1.2.0.STS/lib/src/libcxx/stdexcept.cpp
Unpacking /home/fastsim-2/Downloads/ti-cgt-c7000_1.2.0.STS/lib/src/libcxx/wctype.h
Unpacking /home/fastsim-2/Downloads/ti-cgt-c7000_1.2.0.STS/lib/src/libcxx/codecvt
Unpacking /home/fastsim-2/Downloads/ti-cgt-c7000_1.2.0.STS/lib/src/libcxx/hash.cpp
Unpacking /home/fastsim-2/Downloads/ti-cgt-c7000_1.2.0.STS/lib/src/libcxx/utility.cpp
Unpacking /home/fastsim-2/Downloads/ti-cgt-c7000_1.2.0.STS/lib/src/libcxx/locale.cpp
Unpacking /home/fastsim-2/Downloads/ti-cgt-c7000_1.2.0.STS/lib/src/libcxx/exception.cpp
Unpacking /home/fastsim-2/Downloads/ti-cgt-c7000_1.2.0.STS/lib/src/libcxx/stdio.h
Unpacking /home/fastsim-2/Downloads/ti-cgt-c7000_1.2.0.STS/lib/src/libcxx/stdlib.h
Unpacking /home/fastsim-2/Downloads/ti-cgt-c7000_1.2.0.STS/lib/src/libcxx/iostream.cpp
Unpacking /home/fastsim-2/Downloads/ti-cgt-c7000_1.2.0.STS/lib/src/libcxx/__libcxx_extra.h
Unpacking /home/fastsim-2/Downloads/ti-cgt-c7000_1.2.0.STS/lib/src/libcxx/fstream
Unpacking /home/fastsim-2/Downloads/ti-cgt-c7000_1.2.0.STS/lib/src/libcxx/random.cpp
Unpacking /home/fastsim-2/Downloads/ti-cgt-c7000_1.2.0.STS/lib/src/libcxx/cstdint
Unpacking /home/fastsim-2/Downloads/ti-cgt-c7000_1.2.0.STS/lib/src/libcxx/complex
Unpacking /home/fastsim-2/Downloads/ti-cgt-c7000_1.2.0.STS/lib/src/libcxx/errno.h
Unpacking /home/fastsim-2/Downloads/ti-cgt-c7000_1.2.0.STS/lib/src/libcxx/__config_site
Unpacking /home/fastsim-2/Downloads/ti-cgt-c7000_1.2.0.STS/lib/src/libcxx/initializer_list
Unpacking /home/fastsim-2/Downloads/ti-cgt-c7000_1.2.0.STS/lib/src/libcxx/ciso646
Unpacking /home/fastsim-2/Downloads/ti-cgt-c7000_1.2.0.STS/lib/src/libcxx/list
Unpacking /home/fastsim-2/Downloads/ti-cgt-c7000_1.2.0.STS/lib/src/libcxx/iterator
Unpacking /home/fastsim-2/Downloads/ti-cgt-c7000_1.2.0.STS/lib/src/libcxx/deque
Unpacking /home/fastsim-2/Downloads/ti-cgt-c7000_1.2.0.STS/lib/src/libcxx/numeric
Unpacking /home/fastsim-2/Downloads/ti-cgt-c7000_1.2.0.STS/lib/src/libcxx/stdint.h
Unpacking /home/fastsim-2/Downloads/ti-cgt-c7000_1.2.0.STS/lib/src/libcxx/stddef.h
Unpacking /home/fastsim-2/Downloads/ti-cgt-c7000_1.2.0.STS/lib/src/libcxx/map
Unpacking /home/fastsim-2/Downloads/ti-cgt-c7000_1.2.0.STS/lib/src/libcxx/bitset
Unpacking /home/fastsim-2/Downloads/ti-cgt-c7000_1.2.0.STS/lib/src/libcxx/wchar.h
Unpacking /home/fastsim-2/Downloads/ti-cgt-c7000_1.2.0.STS/lib/src/libcxx/chrono
Unpacking /home/fastsim-2/Downloads/ti-cgt-c7000_1.2.0.STS/lib/src/libcxx/vector.cpp
Unpacking /home/fastsim-2/Downloads/ti-cgt-c7000_1.2.0.STS/lib/src/libcxx/cstring
Unpacking /home/fastsim-2/Downloads/ti-cgt-c7000_1.2.0.STS/lib/src/libcxx/cmath
Unpacking /home/fastsim-2/Downloads/ti-cgt-c7000_1.2.0.STS/lib/src/libcxx/stdbool.h
Unpacking /home/fastsim-2/Downloads/ti-cgt-c7000_1.2.0.STS/lib/src/libcxx/ios.cpp
Unpacking /home/fastsim-2/Downloads/ti-cgt-c7000_1.2.0.STS/lib/src/libcxx/cinttypes
Unpacking /home/fastsim-2/Downloads/ti-cgt-c7000_1.2.0.STS/lib/src/libcxx/memory.cpp
Unpacking /home/fastsim-2/Downloads/ti-cgt-c7000_1.2.0.STS/lib/src/libcxx/inttypes.h
Unpacking /home/fastsim-2/Downloads/ti-cgt-c7000_1.2.0.STS/lib/src/libcxx/csignal
Unpacking /home/fastsim-2/Downloads/ti-cgt-c7000_1.2.0.STS/lib/src/libcxx/__hash_table
Unpacking /home/fastsim-2/Downloads/ti-cgt-c7000_1.2.0.STS/lib/src/libcxx/mutex
Unpacking /home/fastsim-2/Downloads/ti-cgt-c7000_1.2.0.STS/lib/src/libcxx/__undef_macros
Unpacking /home/fastsim-2/Downloads/ti-cgt-c7000_1.2.0.STS/lib/src/libcxx/ctype.h
Unpacking /home/fastsim-2/Downloads/ti-cgt-c7000_1.2.0.STS/lib/src/libcxx/condition_variable.cpp
Unpacking /home/fastsim-2/Downloads/ti-cgt-c7000_1.2.0.STS/lib/src/libcxx/__sso_allocator
Unpacking /home/fastsim-2/Downloads/ti-cgt-c7000_1.2.0.STS/lib/src/libcxx/ctime
Unpacking /home/fastsim-2/Downloads/ti-cgt-c7000_1.2.0.STS/lib/src/libcxx/setjmp.h
Unpacking /home/fastsim-2/Downloads/ti-cgt-c7000_1.2.0.STS/lib/src/libcxx/cstddef
Unpacking /home/fastsim-2/Downloads/ti-cgt-c7000_1.2.0.STS/lib/src/libcxx/iosfwd
Unpacking /home/fastsim-2/Downloads/ti-cgt-c7000_1.2.0.STS/lib/src/libcxx/complex.h
Unpacking /home/fastsim-2/Downloads/ti-cgt-c7000_1.2.0.STS/lib/src/libcxx/algorithm
Unpacking /home/fastsim-2/Downloads/ti-cgt-c7000_1.2.0.STS/lib/src/libcxx/float.h
Unpacking /home/fastsim-2/Downloads/ti-cgt-c7000_1.2.0.STS/lib/src/libcxx/__tuple
Unpacking /home/fastsim-2/Downloads/ti-cgt-c7000_1.2.0.STS/lib/src/libcxx/iomanip
Unpacking /home/fastsim-2/Downloads/ti-cgt-c7000_1.2.0.STS/lib/src/libcxx/__bit_reference
Unpacking /home/fastsim-2/Downloads/ti-cgt-c7000_1.2.0.STS/lib/src/libcxx/locale
Unpacking /home/fastsim-2/Downloads/ti-cgt-c7000_1.2.0.STS/lib/src/libcxx/tgmath.h
Unpacking /home/fastsim-2/Downloads/ti-cgt-c7000_1.2.0.STS/lib/src/libcxx/functional.cpp
Unpacking /home/fastsim-2/Downloads/ti-cgt-c7000_1.2.0.STS/lib/src/libcxx/bind.cpp
Unpacking /home/fastsim-2/Downloads/ti-cgt-c7000_1.2.0.STS/lib/src/libcxx/__libcpp_version
Unpacking /home/fastsim-2/Downloads/ti-cgt-c7000_1.2.0.STS/lib/src/libcxx/clocale
Unpacking /home/fastsim-2/Downloads/ti-cgt-c7000_1.2.0.STS/lib/src/libcxx/ccomplex
Unpacking /home/fastsim-2/Downloads/ti-cgt-c7000_1.2.0.STS/lib/src/libcxx/array
Unpacking /home/fastsim-2/Downloads/ti-cgt-c7000_1.2.0.STS/lib/src/libcxx/__tree
Unpacking /home/fastsim-2/Downloads/ti-cgt-c7000_1.2.0.STS/lib/src/libcxx/cerrno
Unpacking /home/fastsim-2/Downloads/ti-cgt-c7000_1.2.0.STS/lib/src/libcxx/forward_list
Unpacking /home/fastsim-2/Downloads/ti-cgt-c7000_1.2.0.STS/lib/src/libcxx/string.h
Unpacking /home/fastsim-2/Downloads/ti-cgt-c7000_1.2.0.STS/lib/src/libcxx/string.cpp
Unpacking /home/fastsim-2/Downloads/ti-cgt-c7000_1.2.0.STS/lib/src/libcxx/__debug
Unpacking /home/fastsim-2/Downloads/ti-cgt-c7000_1.2.0.STS/lib/src/libcxx/typeinfo.cpp
Unpacking /home/fastsim-2/Downloads/ti-cgt-c7000_1.2.0.STS/lib/src/libcxx/__functional_03
Unpacking /home/fastsim-2/Downloads/ti-cgt-c7000_1.2.0.STS/lib/src/libcxx/new
Unpacking /home/fastsim-2/Downloads/ti-cgt-c7000_1.2.0.STS/lib/src/libcxx/valarray.cpp
Unpacking /home/fastsim-2/Downloads/ti-cgt-c7000_1.2.0.STS/lib/src/libcxx/iostream
Unpacking /home/fastsim-2/Downloads/ti-cgt-c7000_1.2.0.STS/lib/src/libcxx/csetjmp
Unpacking /home/fastsim-2/Downloads/ti-cgt-c7000_1.2.0.STS/lib/src/libcxx/exception
Unpacking /home/fastsim-2/Downloads/ti-cgt-c7000_1.2.0.STS/lib/src/libcxx/__functional_base
Unpacking /home/fastsim-2/Downloads/ti-cgt-c7000_1.2.0.STS/lib/src/libcxx/ios
Unpacking /home/fastsim-2/Downloads/ti-cgt-c7000_1.2.0.STS/lib/src/libcxx/functional
Unpacking /home/fastsim-2/Downloads/ti-cgt-c7000_1.2.0.STS/lib/src/libcxx/__std_stream
Unpacking /home/fastsim-2/Downloads/ti-cgt-c7000_1.2.0.STS/lib/src/libcxx/cstdbool
Unpacking /home/fastsim-2/Downloads/ti-cgt-c7000_1.2.0.STS/lib/src/libcxx/locale.h
Unpacking /home/fastsim-2/Downloads/ti-cgt-c7000_1.2.0.STS/lib/src/libcxx/new.cpp
Unpacking /home/fastsim-2/Downloads/ti-cgt-c7000_1.2.0.STS/lib/src/libcxx/climits
Unpacking /home/fastsim-2/Downloads/ti-cgt-c7000_1.2.0.STS/lib/src/libcxx/system_error.cpp
Unpacking /home/fastsim-2/Downloads/ti-cgt-c7000_1.2.0.STS/lib/src/libcxx/__mutex_base
Unpacking /home/fastsim-2/Downloads/ti-cgt-c7000_1.2.0.STS/lib/src/libcxx/__split_buffer
Unpacking /home/fastsim-2/Downloads/ti-cgt-c7000_1.2.0.STS/lib/src/libcxx/limits.h
Unpacking /home/fastsim-2/Downloads/ti-cgt-c7000_1.2.0.STS/lib/src/libcxx/mutex.cpp
Unpacking /home/fastsim-2/Downloads/ti-cgt-c7000_1.2.0.STS/lib/src/libcxx/algorithm.cpp
Unpacking /home/fastsim-2/Downloads/ti-cgt-c7000_1.2.0.STS/lib/src/libcxx/cwctype
Unpacking /home/fastsim-2/Downloads/ti-cgt-c7000_1.2.0.STS/lib/src/libcxx/istream
Unpacking /home/fastsim-2/Downloads/ti-cgt-c7000_1.2.0.STS/lib/src/libcxx/cwchar
Unpacking /home/fastsim-2/Downloads/ti-cgt-c7000_1.2.0.STS/lib/src/libcxx/__config
Unpacking /home/fastsim-2/Downloads/ti-cgt-c7000_1.2.0.STS/lib/src/libcxx/condition_variable
Unpacking /home/fastsim-2/Downloads/ti-cgt-c7000_1.2.0.STS/lib/src/libcxx/memory
Unpacking /home/fastsim-2/Downloads/ti-cgt-c7000_1.2.0.STS/lib/src/libcxx/cassert
Unpacking /home/fastsim-2/Downloads/ti-cgt-c7000_1.2.0.STS/lib/src/libcxx/cfenv
Unpacking /home/fastsim-2/Downloads/ti-cgt-c7000_1.2.0.STS/lib/src/libcxx/cstdlib
Unpacking /home/fastsim-2/Downloads/ti-cgt-c7000_1.2.0.STS/lib/src/libcxx/cfloat
Unpacking /home/fastsim-2/Downloads/ti-cgt-c7000_1.2.0.STS/lib/src/libcxx/__string
Unpacking /home/fastsim-2/Downloads/ti-cgt-c7000_1.2.0.STS/lib/src/libcxx/debug.cpp
Unpacking /home/fastsim-2/Downloads/ti-cgt-c7000_1.2.0.STS/lib/src/libcxx/__functional_base_03
Unpacking /home/fastsim-2/Downloads/ti-cgt-c7000_1.2.0.STS/lib/src/libcxx/math.h
Unpacking /home/fastsim-2/Downloads/ti-cgt-c7000_1.2.0.STS/lib/src/libcxx/__threading_support
Unpacking /home/fastsim-2/Downloads/ti-cgt-c7000_1.2.0.STS/lib/src/libcxx/variant.cpp
Unpacking /home/fastsim-2/Downloads/ti-cgt-c7000_1.2.0.STS/lib/src/libcxx/ext/hash_map
Unpacking /home/fastsim-2/Downloads/ti-cgt-c7000_1.2.0.STS/lib/src/libcxx/ext/__hash
Unpacking /home/fastsim-2/Downloads/ti-cgt-c7000_1.2.0.STS/lib/src/libcxx/ext/hash_set
Unpacking /home/fastsim-2/Downloads/ti-cgt-c7000_1.2.0.STS/lib/src/libcxx/support/ti/__locale_fallback.h
Unpacking /home/fastsim-2/Downloads/ti-cgt-c7000_1.2.0.STS/lib/src/libcxx/support/ti/__limit_defs.h
Unpacking /home/fastsim-2/Downloads/ti-cgt-c7000_1.2.0.STS/lib/src/libcxx/support/ti/support.h
Unpacking /home/fastsim-2/Downloads/ti-cgt-c7000_1.2.0.STS/lib/src/libcxx/support/runtime/exception_pointer_unimplemented.ipp
Unpacking /home/fastsim-2/Downloads/ti-cgt-c7000_1.2.0.STS/lib/src/libcxx/support/runtime/new_handler_fallback.ipp
Unpacking /home/fastsim-2/Downloads/ti-cgt-c7000_1.2.0.STS/lib/src/libcxx/support/runtime/exception_ti.ipp
Unpacking /home/fastsim-2/Downloads/ti-cgt-c7000_1.2.0.STS/lib/src/libcxx/include/atomic_support.h
Unpacking /home/fastsim-2/Downloads/ti-cgt-c7000_1.2.0.STS/lib/src/libcxx/include/refstring.h
Unpacking /home/fastsim-2/Downloads/ti-cgt-c7000_1.2.0.STS/lib/src/libcxx/include/config_elast.h
Unpacking /home/fastsim-2/Downloads/ti-cgt-c7000_1.2.0.STS/lib/src/sys/_sigset.h
Unpacking /home/fastsim-2/Downloads/ti-cgt-c7000_1.2.0.STS/lib/src/sys/_null.h
Unpacking /home/fastsim-2/Downloads/ti-cgt-c7000_1.2.0.STS/lib/src/sys/stdint.h
Unpacking /home/fastsim-2/Downloads/ti-cgt-c7000_1.2.0.STS/lib/src/sys/timespec.h
Unpacking /home/fastsim-2/Downloads/ti-cgt-c7000_1.2.0.STS/lib/src/sys/types.h
Unpacking /home/fastsim-2/Downloads/ti-cgt-c7000_1.2.0.STS/lib/src/sys/_types.h
Unpacking /home/fastsim-2/Downloads/ti-cgt-c7000_1.2.0.STS/lib/src/sys/_timespec.h
Unpacking /home/fastsim-2/Downloads/ti-cgt-c7000_1.2.0.STS/lib/src/sys/select.h
Unpacking /home/fastsim-2/Downloads/ti-cgt-c7000_1.2.0.STS/lib/src/sys/cdefs.h
Unpacking /home/fastsim-2/Downloads/ti-cgt-c7000_1.2.0.STS/lib/src/sys/_stdint.h
Unpacking /home/fastsim-2/Downloads/ti-cgt-c7000_1.2.0.STS/lib/src/sys/_timeval.h
Unpacking /home/fastsim-2/Downloads/ti-cgt-c7000_1.2.0.STS/lib/src/vcop/vcop_vm.h
Unpacking /home/fastsim-2/Downloads/ti-cgt-c7000_1.2.0.STS/lib/src/vcop/vcop_store.h
Unpacking /home/fastsim-2/Downloads/ti-cgt-c7000_1.2.0.STS/lib/src/vcop/vcop_arith.h
Unpacking /home/fastsim-2/Downloads/ti-cgt-c7000_1.2.0.STS/lib/src/vcop/vcop_host_emulation.h
Unpacking /home/fastsim-2/Downloads/ti-cgt-c7000_1.2.0.STS/lib/src/vcop/vcopmem.h
Unpacking /home/fastsim-2/Downloads/ti-cgt-c7000_1.2.0.STS/lib/src/vcop/vcop_load.h
Unpacking /home/fastsim-2/Downloads/ti-cgt-c7000_1.2.0.STS/lib/src/vcop/mempkt.h
Unpacking /home/fastsim-2/Downloads/ti-cgt-c7000_1.2.0.STS/lib/src/vcop/vcop_lht.h
Unpacking /home/fastsim-2/Downloads/ti-cgt-c7000_1.2.0.STS/lib/src/vcop/vcop.h
Unpacking /home/fastsim-2/Downloads/ti-cgt-c7000_1.2.0.STS/bin/lnk7x
Unpacking /home/fastsim-2/Downloads/ti-cgt-c7000_1.2.0.STS/bin/acpia7x
Unpacking /home/fastsim-2/Downloads/ti-cgt-c7000_1.2.0.STS/bin/libinfo7x
Unpacking /home/fastsim-2/Downloads/ti-cgt-c7000_1.2.0.STS/bin/dem7x
Unpacking /home/fastsim-2/Downloads/ti-cgt-c7000_1.2.0.STS/bin/nm7x
Unpacking /home/fastsim-2/Downloads/ti-cgt-c7000_1.2.0.STS/bin/embed7x
Unpacking /home/fastsim-2/Downloads/ti-cgt-c7000_1.2.0.STS/bin/ar7x
Unpacking /home/fastsim-2/Downloads/ti-cgt-c7000_1.2.0.STS/bin/cg7x
Unpacking /home/fastsim-2/Downloads/ti-cgt-c7000_1.2.0.STS/bin/dis7x
Unpacking /home/fastsim-2/Downloads/ti-cgt-c7000_1.2.0.STS/bin/asm7x
Unpacking /home/fastsim-2/Downloads/ti-cgt-c7000_1.2.0.STS/lib/src/libcxx/queue
Unpacking /home/fastsim-2/Downloads/ti-cgt-c7000_1.2.0.STS/lib/src/libcxx/valarray
Unpacking /home/fastsim-2/Downloads/ti-cgt-c7000_1.2.0.STS/lib/src/libcxx/ostream
Unpacking /home/fastsim-2/Downloads/ti-cgt-c7000_1.2.0.STS/lib/src/libcxx/stdexcept
Unpacking /home/fastsim-2/Downloads/ti-cgt-c7000_1.2.0.STS/lib/src/libcxx/unordered_map
Unpacking /home/fastsim-2/Downloads/ti-cgt-c7000_1.2.0.STS/lib/src/libcxx/ratio
Unpacking /home/fastsim-2/Downloads/ti-cgt-c7000_1.2.0.STS/lib/src/libcxx/typeindex
Unpacking /home/fastsim-2/Downloads/ti-cgt-c7000_1.2.0.STS/lib/src/libcxx/string_view
Unpacking /home/fastsim-2/Downloads/ti-cgt-c7000_1.2.0.STS/lib/src/libcxx/tuple
Unpacking /home/fastsim-2/Downloads/ti-cgt-c7000_1.2.0.STS/lib/src/libcxx/typeinfo
Unpacking /home/fastsim-2/Downloads/ti-cgt-c7000_1.2.0.STS/lib/src/libcxx/scoped_allocator
Unpacking /home/fastsim-2/Downloads/ti-cgt-c7000_1.2.0.STS/lib/src/libcxx/regex
Unpacking /home/fastsim-2/Downloads/ti-cgt-c7000_1.2.0.STS/lib/src/libcxx/system_error
Unpacking /home/fastsim-2/Downloads/ti-cgt-c7000_1.2.0.STS/lib/src/libcxx/stack
Unpacking /home/fastsim-2/Downloads/ti-cgt-c7000_1.2.0.STS/lib/src/libcxx/type_traits
Unpacking /home/fastsim-2/Downloads/ti-cgt-c7000_1.2.0.STS/lib/src/libcxx/string
Unpacking /home/fastsim-2/Downloads/ti-cgt-c7000_1.2.0.STS/lib/src/libcxx/random
Unpacking /home/fastsim-2/Downloads/ti-cgt-c7000_1.2.0.STS/lib/src/libcxx/utility
Unpacking /home/fastsim-2/Downloads/ti-cgt-c7000_1.2.0.STS/lib/src/libcxx/strstream
Unpacking /home/fastsim-2/Downloads/ti-cgt-c7000_1.2.0.STS/lib/src/libcxx/set
Unpacking /home/fastsim-2/Downloads/ti-cgt-c7000_1.2.0.STS/lib/src/libcxx/streambuf
Unpacking /home/fastsim-2/Downloads/ti-cgt-c7000_1.2.0.STS/lib/src/libcxx/vector
Unpacking /home/fastsim-2/Downloads/ti-cgt-c7000_1.2.0.STS/lib/src/libcxx/variant
Unpacking /home/fastsim-2/Downloads/ti-cgt-c7000_1.2.0.STS/lib/src/libcxx/sstream
Unpacking /home/fastsim-2/Downloads/ti-cgt-c7000_1.2.0.STS/lib/src/libcxx/unordered_set
Unpacking /home/fastsim-2/Downloads/ti-cgt-c7000_1.2.0.STS/bin/ofd7x
Unpacking /home/fastsim-2/Downloads/ti-cgt-c7000_1.2.0.STS/bin/opt7x
Unpacking /home/fastsim-2/Downloads/ti-cgt-c7000_1.2.0.STS/bin/clist7x
Unpacking /home/fastsim-2/Downloads/ti-cgt-c7000_1.2.0.STS/bin/acpll7x
Unpacking /home/fastsim-2/Downloads/ti-cgt-c7000_1.2.0.STS/bin/vcc7x
Unpacking /home/fastsim-2/Downloads/ti-cgt-c7000_1.2.0.STS/bin/ilk7x
Unpacking /home/fastsim-2/Downloads/ti-cgt-c7000_1.2.0.STS/bin/cl7x
Unpacking /home/fastsim-2/Downloads/ti-cgt-c7000_1.2.0.STS/bin/strip7x
Unpacking /home/fastsim-2/Downloads/ti-cgt-c7000_1.2.0.STS/include/_mutex.h
Unpacking /home/fastsim-2/Downloads/ti-cgt-c7000_1.2.0.STS/include/strings.h
Unpacking /home/fastsim-2/Downloads/ti-cgt-c7000_1.2.0.STS/include/c7x.h
Unpacking /home/fastsim-2/Downloads/ti-cgt-c7000_1.2.0.STS/include/c7x_vpred.h
Unpacking /home/fastsim-2/Downloads/ti-cgt-c7000_1.2.0.STS/include/c7x_ecr.h
Unpacking /home/fastsim-2/Downloads/ti-cgt-c7000_1.2.0.STS/include/c6x_migration.h
Unpacking /home/fastsim-2/Downloads/ti-cgt-c7000_1.2.0.STS/include/_isfuncdef.h
Unpacking /home/fastsim-2/Downloads/ti-cgt-c7000_1.2.0.STS/include/xlocale.h
Unpacking /home/fastsim-2/Downloads/ti-cgt-c7000_1.2.0.STS/include/typeinfo.stdh
Unpacking /home/fastsim-2/Downloads/ti-cgt-c7000_1.2.0.STS/include/wctype.h
Unpacking /home/fastsim-2/Downloads/ti-cgt-c7000_1.2.0.STS/include/stdnoreturn.h
Unpacking /home/fastsim-2/Downloads/ti-cgt-c7000_1.2.0.STS/include/elf_linkage.h
Unpacking /home/fastsim-2/Downloads/ti-cgt-c7000_1.2.0.STS/include/stdio.h
Unpacking /home/fastsim-2/Downloads/ti-cgt-c7000_1.2.0.STS/include/stdlib.h
Unpacking /home/fastsim-2/Downloads/ti-cgt-c7000_1.2.0.STS/include/complex
Unpacking /home/fastsim-2/Downloads/ti-cgt-c7000_1.2.0.STS/include/errno.h
Unpacking /home/fastsim-2/Downloads/ti-cgt-c7000_1.2.0.STS/include/c7x_mma.h
Unpacking /home/fastsim-2/Downloads/ti-cgt-c7000_1.2.0.STS/include/_reg_synch_api.h
Unpacking /home/fastsim-2/Downloads/ti-cgt-c7000_1.2.0.STS/include/stdint.h
Unpacking /home/fastsim-2/Downloads/ti-cgt-c7000_1.2.0.STS/include/_data_synch.h
Unpacking /home/fastsim-2/Downloads/ti-cgt-c7000_1.2.0.STS/include/stddef.h
Unpacking /home/fastsim-2/Downloads/ti-cgt-c7000_1.2.0.STS/include/elfnames.h
Unpacking /home/fastsim-2/Downloads/ti-cgt-c7000_1.2.0.STS/include/wchar.h
Unpacking /home/fastsim-2/Downloads/ti-cgt-c7000_1.2.0.STS/include/_fmt_specifier.h
Unpacking /home/fastsim-2/Downloads/ti-cgt-c7000_1.2.0.STS/include/stdbool.h
Unpacking /home/fastsim-2/Downloads/ti-cgt-c7000_1.2.0.STS/include/inttypes.h
Unpacking /home/fastsim-2/Downloads/ti-cgt-c7000_1.2.0.STS/include/exception.stdh
Unpacking /home/fastsim-2/Downloads/ti-cgt-c7000_1.2.0.STS/include/ctype.h
Unpacking /home/fastsim-2/Downloads/ti-cgt-c7000_1.2.0.STS/include/assert.h
Unpacking /home/fastsim-2/Downloads/ti-cgt-c7000_1.2.0.STS/include/setjmp.h
Unpacking /home/fastsim-2/Downloads/ti-cgt-c7000_1.2.0.STS/include/_isfuncdcl.h
Unpacking /home/fastsim-2/Downloads/ti-cgt-c7000_1.2.0.STS/include/c7x_direct.h
Unpacking /home/fastsim-2/Downloads/ti-cgt-c7000_1.2.0.STS/include/complex.h
Unpacking /home/fastsim-2/Downloads/ti-cgt-c7000_1.2.0.STS/include/uchar.h
Unpacking /home/fastsim-2/Downloads/ti-cgt-c7000_1.2.0.STS/include/float.h
Unpacking /home/fastsim-2/Downloads/ti-cgt-c7000_1.2.0.STS/include/file.h
Unpacking /home/fastsim-2/Downloads/ti-cgt-c7000_1.2.0.STS/include/cxxabi.h
Unpacking /home/fastsim-2/Downloads/ti-cgt-c7000_1.2.0.STS/include/cpy_tbl.h
Unpacking /home/fastsim-2/Downloads/ti-cgt-c7000_1.2.0.STS/include/signal.h
Unpacking /home/fastsim-2/Downloads/ti-cgt-c7000_1.2.0.STS/include/_ti_config.h
Unpacking /home/fastsim-2/Downloads/ti-cgt-c7000_1.2.0.STS/include/tgmath.h
Unpacking /home/fastsim-2/Downloads/ti-cgt-c7000_1.2.0.STS/include/lowlev.h
Unpacking /home/fastsim-2/Downloads/ti-cgt-c7000_1.2.0.STS/include/c7x_luthist.h
Unpacking /home/fastsim-2/Downloads/ti-cgt-c7000_1.2.0.STS/include/string.h
Unpacking /home/fastsim-2/Downloads/ti-cgt-c7000_1.2.0.STS/include/stdalign.h
Unpacking /home/fastsim-2/Downloads/ti-cgt-c7000_1.2.0.STS/include/_lock.h
Unpacking /home/fastsim-2/Downloads/ti-cgt-c7000_1.2.0.STS/include/linkage.h
Unpacking /home/fastsim-2/Downloads/ti-cgt-c7000_1.2.0.STS/include/locale.h
Unpacking /home/fastsim-2/Downloads/ti-cgt-c7000_1.2.0.STS/include/stdarg.h
Unpacking /home/fastsim-2/Downloads/ti-cgt-c7000_1.2.0.STS/include/time.h
Unpacking /home/fastsim-2/Downloads/ti-cgt-c7000_1.2.0.STS/include/cpp_inline_math.h
Unpacking /home/fastsim-2/Downloads/ti-cgt-c7000_1.2.0.STS/include/new.stdh
Unpacking /home/fastsim-2/Downloads/ti-cgt-c7000_1.2.0.STS/include/abi_prefix.h
Unpacking /home/fastsim-2/Downloads/ti-cgt-c7000_1.2.0.STS/include/c7x_strm.h
Unpacking /home/fastsim-2/Downloads/ti-cgt-c7000_1.2.0.STS/include/limits.h
Unpacking /home/fastsim-2/Downloads/ti-cgt-c7000_1.2.0.STS/include/_pthread.h
Unpacking /home/fastsim-2/Downloads/ti-cgt-c7000_1.2.0.STS/include/trgdrv.h
Unpacking /home/fastsim-2/Downloads/ti-cgt-c7000_1.2.0.STS/include/fenv-softfloat.h
Unpacking /home/fastsim-2/Downloads/ti-cgt-c7000_1.2.0.STS/include/fenv.h
Unpacking /home/fastsim-2/Downloads/ti-cgt-c7000_1.2.0.STS/include/iso646.h
Unpacking /home/fastsim-2/Downloads/ti-cgt-c7000_1.2.0.STS/include/_tls.h
Unpacking /home/fastsim-2/Downloads/ti-cgt-c7000_1.2.0.STS/include/_defs.h
Unpacking /home/fastsim-2/Downloads/ti-cgt-c7000_1.2.0.STS/include/_reg_mutex_api.h
Unpacking /home/fastsim-2/Downloads/ti-cgt-c7000_1.2.0.STS/include/_stdint40.h
Unpacking /home/fastsim-2/Downloads/ti-cgt-c7000_1.2.0.STS/include/math.h
Unpacking /home/fastsim-2/Downloads/ti-cgt-c7000_1.2.0.STS/include/c7x_strm_struct.h
Unpacking /home/fastsim-2/Downloads/ti-cgt-c7000_1.2.0.STS/include/machine/_inttypes.h
Unpacking /home/fastsim-2/Downloads/ti-cgt-c7000_1.2.0.STS/include/machine/_types.h
Unpacking /home/fastsim-2/Downloads/ti-cgt-c7000_1.2.0.STS/include/machine/endian.h
Unpacking /home/fastsim-2/Downloads/ti-cgt-c7000_1.2.0.STS/include/machine/_stdint.h
Unpacking /home/fastsim-2/Downloads/ti-cgt-c7000_1.2.0.STS/include/machine/_limits.h
Unpacking /home/fastsim-2/Downloads/ti-cgt-c7000_1.2.0.STS/include/xlocale/_inttypes.h
Unpacking /home/fastsim-2/Downloads/ti-cgt-c7000_1.2.0.STS/include/xlocale/_monetary.h
Unpacking /home/fastsim-2/Downloads/ti-cgt-c7000_1.2.0.STS/include/xlocale/_langinfo.h
Unpacking /home/fastsim-2/Downloads/ti-cgt-c7000_1.2.0.STS/include/xlocale/_time.h
Unpacking /home/fastsim-2/Downloads/ti-cgt-c7000_1.2.0.STS/include/xlocale/_stdio.h
Unpacking /home/fastsim-2/Downloads/ti-cgt-c7000_1.2.0.STS/include/xlocale/_string.h
Unpacking /home/fastsim-2/Downloads/ti-cgt-c7000_1.2.0.STS/include/xlocale/_stdlib.h
Unpacking /home/fastsim-2/Downloads/ti-cgt-c7000_1.2.0.STS/include/xlocale/_wchar.h
Unpacking /home/fastsim-2/Downloads/ti-cgt-c7000_1.2.0.STS/include/xlocale/_uchar.h
Unpacking /home/fastsim-2/Downloads/ti-cgt-c7000_1.2.0.STS/include/xlocale/_ctype.h
Unpacking /home/fastsim-2/Downloads/ti-cgt-c7000_1.2.0.STS/include/xlocale/_locale.h
Unpacking /home/fastsim-2/Downloads/ti-cgt-c7000_1.2.0.STS/include/libcxx/__bsd_locale_defaults.h
Unpacking /home/fastsim-2/Downloads/ti-cgt-c7000_1.2.0.STS/include/libcxx/queue
Unpacking /home/fastsim-2/Downloads/ti-cgt-c7000_1.2.0.STS/include/libcxx/cctype
Unpacking /home/fastsim-2/Downloads/ti-cgt-c7000_1.2.0.STS/include/libcxx/__nullptr
Unpacking /home/fastsim-2/Downloads/ti-cgt-c7000_1.2.0.STS/include/libcxx/cstdarg
Unpacking /home/fastsim-2/Downloads/ti-cgt-c7000_1.2.0.STS/include/libcxx/valarray
Unpacking /home/fastsim-2/Downloads/ti-cgt-c7000_1.2.0.STS/include/libcxx/ostream
Unpacking /home/fastsim-2/Downloads/ti-cgt-c7000_1.2.0.STS/include/libcxx/__locale
Unpacking /home/fastsim-2/Downloads/ti-cgt-c7000_1.2.0.STS/include/libcxx/stdexcept
Unpacking /home/fastsim-2/Downloads/ti-cgt-c7000_1.2.0.STS/include/libcxx/limits
Unpacking /home/fastsim-2/Downloads/ti-cgt-c7000_1.2.0.STS/include/libcxx/cstdio
Unpacking /home/fastsim-2/Downloads/ti-cgt-c7000_1.2.0.STS/include/libcxx/ctgmath
Unpacking /home/fastsim-2/Downloads/ti-cgt-c7000_1.2.0.STS/include/libcxx/unordered_map
Unpacking /home/fastsim-2/Downloads/ti-cgt-c7000_1.2.0.STS/include/libcxx/wctype.h
Unpacking /home/fastsim-2/Downloads/ti-cgt-c7000_1.2.0.STS/include/libcxx/codecvt
Unpacking /home/fastsim-2/Downloads/ti-cgt-c7000_1.2.0.STS/include/libcxx/ratio
Unpacking /home/fastsim-2/Downloads/ti-cgt-c7000_1.2.0.STS/include/libcxx/stdio.h
Unpacking /home/fastsim-2/Downloads/ti-cgt-c7000_1.2.0.STS/include/libcxx/stdlib.h
Unpacking /home/fastsim-2/Downloads/ti-cgt-c7000_1.2.0.STS/include/libcxx/typeindex
Unpacking /home/fastsim-2/Downloads/ti-cgt-c7000_1.2.0.STS/include/libcxx/__libcxx_extra.h
Unpacking /home/fastsim-2/Downloads/ti-cgt-c7000_1.2.0.STS/include/libcxx/string_view
Unpacking /home/fastsim-2/Downloads/ti-cgt-c7000_1.2.0.STS/include/libcxx/fstream
Unpacking /home/fastsim-2/Downloads/ti-cgt-c7000_1.2.0.STS/include/libcxx/tuple
Unpacking /home/fastsim-2/Downloads/ti-cgt-c7000_1.2.0.STS/include/libcxx/cstdint
Unpacking /home/fastsim-2/Downloads/ti-cgt-c7000_1.2.0.STS/include/libcxx/complex
Unpacking /home/fastsim-2/Downloads/ti-cgt-c7000_1.2.0.STS/include/libcxx/errno.h
Unpacking /home/fastsim-2/Downloads/ti-cgt-c7000_1.2.0.STS/include/libcxx/__config_site
Unpacking /home/fastsim-2/Downloads/ti-cgt-c7000_1.2.0.STS/include/libcxx/initializer_list
Unpacking /home/fastsim-2/Downloads/ti-cgt-c7000_1.2.0.STS/include/libcxx/ciso646
Unpacking /home/fastsim-2/Downloads/ti-cgt-c7000_1.2.0.STS/include/libcxx/list
Unpacking /home/fastsim-2/Downloads/ti-cgt-c7000_1.2.0.STS/include/libcxx/iterator
Unpacking /home/fastsim-2/Downloads/ti-cgt-c7000_1.2.0.STS/include/libcxx/deque
Unpacking /home/fastsim-2/Downloads/ti-cgt-c7000_1.2.0.STS/include/libcxx/numeric
Unpacking /home/fastsim-2/Downloads/ti-cgt-c7000_1.2.0.STS/include/libcxx/stdint.h
Unpacking /home/fastsim-2/Downloads/ti-cgt-c7000_1.2.0.STS/include/libcxx/stddef.h
Unpacking /home/fastsim-2/Downloads/ti-cgt-c7000_1.2.0.STS/include/libcxx/map
Unpacking /home/fastsim-2/Downloads/ti-cgt-c7000_1.2.0.STS/include/libcxx/bitset
Unpacking /home/fastsim-2/Downloads/ti-cgt-c7000_1.2.0.STS/include/libcxx/wchar.h
Unpacking /home/fastsim-2/Downloads/ti-cgt-c7000_1.2.0.STS/include/libcxx/chrono
Unpacking /home/fastsim-2/Downloads/ti-cgt-c7000_1.2.0.STS/include/libcxx/cstring
Unpacking /home/fastsim-2/Downloads/ti-cgt-c7000_1.2.0.STS/include/libcxx/typeinfo
Unpacking /home/fastsim-2/Downloads/ti-cgt-c7000_1.2.0.STS/include/libcxx/cmath
Unpacking /home/fastsim-2/Downloads/ti-cgt-c7000_1.2.0.STS/include/libcxx/scoped_allocator
Unpacking /home/fastsim-2/Downloads/ti-cgt-c7000_1.2.0.STS/include/libcxx/stdbool.h
Unpacking /home/fastsim-2/Downloads/ti-cgt-c7000_1.2.0.STS/include/libcxx/cinttypes
Unpacking /home/fastsim-2/Downloads/ti-cgt-c7000_1.2.0.STS/include/libcxx/inttypes.h
Unpacking /home/fastsim-2/Downloads/ti-cgt-c7000_1.2.0.STS/include/libcxx/csignal
Unpacking /home/fastsim-2/Downloads/ti-cgt-c7000_1.2.0.STS/include/libcxx/__hash_table
Unpacking /home/fastsim-2/Downloads/ti-cgt-c7000_1.2.0.STS/include/libcxx/mutex
Unpacking /home/fastsim-2/Downloads/ti-cgt-c7000_1.2.0.STS/include/libcxx/regex
Unpacking /home/fastsim-2/Downloads/ti-cgt-c7000_1.2.0.STS/include/libcxx/__undef_macros
Unpacking /home/fastsim-2/Downloads/ti-cgt-c7000_1.2.0.STS/include/libcxx/ctype.h
Unpacking /home/fastsim-2/Downloads/ti-cgt-c7000_1.2.0.STS/include/libcxx/ctime
Unpacking /home/fastsim-2/Downloads/ti-cgt-c7000_1.2.0.STS/include/libcxx/setjmp.h
Unpacking /home/fastsim-2/Downloads/ti-cgt-c7000_1.2.0.STS/include/libcxx/cstddef
Unpacking /home/fastsim-2/Downloads/ti-cgt-c7000_1.2.0.STS/include/libcxx/iosfwd
Unpacking /home/fastsim-2/Downloads/ti-cgt-c7000_1.2.0.STS/include/libcxx/complex.h
Unpacking /home/fastsim-2/Downloads/ti-cgt-c7000_1.2.0.STS/include/libcxx/algorithm
Unpacking /home/fastsim-2/Downloads/ti-cgt-c7000_1.2.0.STS/include/libcxx/float.h
Unpacking /home/fastsim-2/Downloads/ti-cgt-c7000_1.2.0.STS/include/libcxx/__tuple
Unpacking /home/fastsim-2/Downloads/ti-cgt-c7000_1.2.0.STS/include/libcxx/iomanip
Unpacking /home/fastsim-2/Downloads/ti-cgt-c7000_1.2.0.STS/include/libcxx/system_error
Unpacking /home/fastsim-2/Downloads/ti-cgt-c7000_1.2.0.STS/include/libcxx/__bit_reference
Unpacking /home/fastsim-2/Downloads/ti-cgt-c7000_1.2.0.STS/include/libcxx/locale
Unpacking /home/fastsim-2/Downloads/ti-cgt-c7000_1.2.0.STS/include/libcxx/tgmath.h
Unpacking /home/fastsim-2/Downloads/ti-cgt-c7000_1.2.0.STS/include/libcxx/stack
Unpacking /home/fastsim-2/Downloads/ti-cgt-c7000_1.2.0.STS/include/libcxx/type_traits
Unpacking /home/fastsim-2/Downloads/ti-cgt-c7000_1.2.0.STS/include/libcxx/clocale
Unpacking /home/fastsim-2/Downloads/ti-cgt-c7000_1.2.0.STS/include/libcxx/string
Unpacking /home/fastsim-2/Downloads/ti-cgt-c7000_1.2.0.STS/include/libcxx/ccomplex
Unpacking /home/fastsim-2/Downloads/ti-cgt-c7000_1.2.0.STS/include/libcxx/array
Unpacking /home/fastsim-2/Downloads/ti-cgt-c7000_1.2.0.STS/include/libcxx/__tree
Unpacking /home/fastsim-2/Downloads/ti-cgt-c7000_1.2.0.STS/include/libcxx/cerrno
Unpacking /home/fastsim-2/Downloads/ti-cgt-c7000_1.2.0.STS/include/libcxx/random
Unpacking /home/fastsim-2/Downloads/ti-cgt-c7000_1.2.0.STS/include/libcxx/forward_list
Unpacking /home/fastsim-2/Downloads/ti-cgt-c7000_1.2.0.STS/include/libcxx/string.h
Unpacking /home/fastsim-2/Downloads/ti-cgt-c7000_1.2.0.STS/include/libcxx/utility
Unpacking /home/fastsim-2/Downloads/ti-cgt-c7000_1.2.0.STS/include/libcxx/__debug
Unpacking /home/fastsim-2/Downloads/ti-cgt-c7000_1.2.0.STS/include/libcxx/new
Unpacking /home/fastsim-2/Downloads/ti-cgt-c7000_1.2.0.STS/include/libcxx/iostream
Unpacking /home/fastsim-2/Downloads/ti-cgt-c7000_1.2.0.STS/include/libcxx/csetjmp
Unpacking /home/fastsim-2/Downloads/ti-cgt-c7000_1.2.0.STS/include/libcxx/exception
Unpacking /home/fastsim-2/Downloads/ti-cgt-c7000_1.2.0.STS/include/libcxx/__functional_base
Unpacking /home/fastsim-2/Downloads/ti-cgt-c7000_1.2.0.STS/include/libcxx/strstream
Unpacking /home/fastsim-2/Downloads/ti-cgt-c7000_1.2.0.STS/include/libcxx/ios
Unpacking /home/fastsim-2/Downloads/ti-cgt-c7000_1.2.0.STS/include/libcxx/functional
Unpacking /home/fastsim-2/Downloads/ti-cgt-c7000_1.2.0.STS/include/libcxx/cstdbool
Unpacking /home/fastsim-2/Downloads/ti-cgt-c7000_1.2.0.STS/include/libcxx/locale.h
Unpacking /home/fastsim-2/Downloads/ti-cgt-c7000_1.2.0.STS/include/libcxx/climits
Unpacking /home/fastsim-2/Downloads/ti-cgt-c7000_1.2.0.STS/include/libcxx/set
Unpacking /home/fastsim-2/Downloads/ti-cgt-c7000_1.2.0.STS/include/libcxx/__mutex_base
Unpacking /home/fastsim-2/Downloads/ti-cgt-c7000_1.2.0.STS/include/libcxx/__split_buffer
Unpacking /home/fastsim-2/Downloads/ti-cgt-c7000_1.2.0.STS/include/libcxx/limits.h
Unpacking /home/fastsim-2/Downloads/ti-cgt-c7000_1.2.0.STS/include/libcxx/streambuf
Unpacking /home/fastsim-2/Downloads/ti-cgt-c7000_1.2.0.STS/include/libcxx/vector
Unpacking /home/fastsim-2/Downloads/ti-cgt-c7000_1.2.0.STS/include/libcxx/variant
Unpacking /home/fastsim-2/Downloads/ti-cgt-c7000_1.2.0.STS/include/libcxx/sstream
Unpacking /home/fastsim-2/Downloads/ti-cgt-c7000_1.2.0.STS/include/libcxx/cwctype
Unpacking /home/fastsim-2/Downloads/ti-cgt-c7000_1.2.0.STS/include/libcxx/istream
Unpacking /home/fastsim-2/Downloads/ti-cgt-c7000_1.2.0.STS/include/libcxx/cwchar
Unpacking /home/fastsim-2/Downloads/ti-cgt-c7000_1.2.0.STS/include/libcxx/__config
Unpacking /home/fastsim-2/Downloads/ti-cgt-c7000_1.2.0.STS/include/libcxx/condition_variable
Unpacking /home/fastsim-2/Downloads/ti-cgt-c7000_1.2.0.STS/include/libcxx/memory
Unpacking /home/fastsim-2/Downloads/ti-cgt-c7000_1.2.0.STS/include/libcxx/cassert
Unpacking /home/fastsim-2/Downloads/ti-cgt-c7000_1.2.0.STS/include/libcxx/cfenv
Unpacking /home/fastsim-2/Downloads/ti-cgt-c7000_1.2.0.STS/include/libcxx/cstdlib
Unpacking /home/fastsim-2/Downloads/ti-cgt-c7000_1.2.0.STS/include/libcxx/cfloat
Unpacking /home/fastsim-2/Downloads/ti-cgt-c7000_1.2.0.STS/include/libcxx/__string
Unpacking /home/fastsim-2/Downloads/ti-cgt-c7000_1.2.0.STS/include/libcxx/math.h
Unpacking /home/fastsim-2/Downloads/ti-cgt-c7000_1.2.0.STS/include/libcxx/__threading_support
Unpacking /home/fastsim-2/Downloads/ti-cgt-c7000_1.2.0.STS/include/libcxx/unordered_set
Unpacking /home/fastsim-2/Downloads/ti-cgt-c7000_1.2.0.STS/include/libcxx/ext/hash_map
Unpacking /home/fastsim-2/Downloads/ti-cgt-c7000_1.2.0.STS/include/libcxx/ext/__hash
Unpacking /home/fastsim-2/Downloads/ti-cgt-c7000_1.2.0.STS/include/libcxx/ext/hash_set
Unpacking /home/fastsim-2/Downloads/ti-cgt-c7000_1.2.0.STS/include/libcxx/support/ti/__locale_fallback.h
Unpacking /home/fastsim-2/Downloads/ti-cgt-c7000_1.2.0.STS/include/libcxx/support/ti/__limit_defs.h
Unpacking /home/fastsim-2/Downloads/ti-cgt-c7000_1.2.0.STS/include/libcxx/support/ti/support.h
Unpacking /home/fastsim-2/Downloads/ti-cgt-c7000_1.2.0.STS/include/sys/_sigset.h
Unpacking /home/fastsim-2/Downloads/ti-cgt-c7000_1.2.0.STS/include/sys/_null.h
Unpacking /home/fastsim-2/Downloads/ti-cgt-c7000_1.2.0.STS/include/sys/stdint.h
Unpacking /home/fastsim-2/Downloads/ti-cgt-c7000_1.2.0.STS/include/sys/timespec.h
Unpacking /home/fastsim-2/Downloads/ti-cgt-c7000_1.2.0.STS/include/sys/types.h
Unpacking /home/fastsim-2/Downloads/ti-cgt-c7000_1.2.0.STS/include/sys/_types.h
Unpacking /home/fastsim-2/Downloads/ti-cgt-c7000_1.2.0.STS/include/sys/_timespec.h
Unpacking /home/fastsim-2/Downloads/ti-cgt-c7000_1.2.0.STS/include/sys/select.h
Unpacking /home/fastsim-2/Downloads/ti-cgt-c7000_1.2.0.STS/include/sys/cdefs.h
Unpacking /home/fastsim-2/Downloads/ti-cgt-c7000_1.2.0.STS/include/sys/_stdint.h
Unpacking /home/fastsim-2/Downloads/ti-cgt-c7000_1.2.0.STS/include/sys/_timeval.h
Unpacking /home/fastsim-2/Downloads/ti-cgt-c7000_1.2.0.STS/include/vcop/vcop_vm.h
Unpacking /home/fastsim-2/Downloads/ti-cgt-c7000_1.2.0.STS/include/vcop/vcop_store.h
Unpacking /home/fastsim-2/Downloads/ti-cgt-c7000_1.2.0.STS/include/vcop/vcop_arith.h
Unpacking /home/fastsim-2/Downloads/ti-cgt-c7000_1.2.0.STS/include/vcop/vcop_host_emulation.h
Unpacking /home/fastsim-2/Downloads/ti-cgt-c7000_1.2.0.STS/include/vcop/vcopmem.h
Unpacking /home/fastsim-2/Downloads/ti-cgt-c7000_1.2.0.STS/include/vcop/vcop_load.h
Unpacking /home/fastsim-2/Downloads/ti-cgt-c7000_1.2.0.STS/include/vcop/vcop_lht.h
Unpacking /home/fastsim-2/Downloads/ti-cgt-c7000_1.2.0.STS/include/vcop/vcop.h
Creating Uninstaller
Creating uninstaller 25%
Creating uninstaller 50%
Creating uninstaller 75%
Creating uninstaller 100%
Installation completed
Log finished 10/18/2024 at 17:16:10
